<?xml version="1.0" encoding="UTF-8"?>
<!-- Generated by org.testng.reporters.JUnitXMLReporter -->
<testsuite ignored="0" hostname="Rev-PG02Z04Q" failures="0" tests="3" name="chrometest" time="56.149" errors="0" timestamp="2024-07-16T00:49:15 IST">
  <testcase classname="week5.day1.Editlead" name="editlead" time="11.103"/>
  <testcase classname="week5.day1.DuplicateLead" name="duplicatelead" time="12.827"/>
  <testcase classname="week5.day1.Createlead" name="createlead" time="9.474"/>
</testsuite> <!-- chrometest -->
