<?xml version="1.0" encoding="UTF-8"?>
<testng-results ignored="0" total="1" passed="0" failed="0" skipped="1">
  <reporter-output>
  </reporter-output>
  <suite started-at="2024-10-10T19:46:49 IST" name="Suite" finished-at="2024-10-10T19:46:54 IST" duration-ms="4333">
    <groups>
      <group name="cucumber">
        <method signature="AbstractTestNGCucumberTests.runScenario(cucumber.api.testng.PickleEventWrapper,cucumber.api.testng.CucumberFeatureWrapper)[pri:0, instance:com.salesforce.testcases.TC001_VerifyLogin@536f2a7e]" name="runScenario" class="cucumber.api.testng.AbstractTestNGCucumberTests"/>
      </group> <!-- cucumber -->
    </groups>
    <test started-at="2024-10-10T19:46:49 IST" name="Chrome" finished-at="2024-10-10T19:46:54 IST" duration-ms="4333">
      <class name="com.salesforce.testcases.TC001_VerifyLogin">
        <test-method is-config="true" signature="startReport()[pri:0, instance:com.salesforce.testcases.TC001_VerifyLogin@536f2a7e]" started-at="2024-10-10T19:46:49 IST" name="startReport" finished-at="2024-10-10T19:46:49 IST" duration-ms="140" status="PASS">
          <reporter-output>
          </reporter-output>
        </test-method> <!-- startReport -->
        <test-method is-config="true" signature="setValues()[pri:0, instance:com.salesforce.testcases.TC001_VerifyLogin@536f2a7e]" started-at="2024-10-10T19:46:49 IST" name="setValues" finished-at="2024-10-10T19:46:49 IST" duration-ms="0" status="PASS">
          <reporter-output>
          </reporter-output>
        </test-method> <!-- setValues -->
        <test-method is-config="true" signature="setUpClass()[pri:0, instance:com.salesforce.testcases.TC001_VerifyLogin@536f2a7e]" started-at="2024-10-10T19:46:49 IST" name="setUpClass" finished-at="2024-10-10T19:46:50 IST" duration-ms="120" status="PASS">
          <reporter-output>
          </reporter-output>
        </test-method> <!-- setUpClass -->
        <test-method is-config="true" signature="startTestCase()[pri:0, instance:com.salesforce.testcases.TC001_VerifyLogin@536f2a7e]" started-at="2024-10-10T19:46:50 IST" name="startTestCase" finished-at="2024-10-10T19:46:50 IST" duration-ms="6" status="PASS">
          <reporter-output>
          </reporter-output>
        </test-method> <!-- startTestCase -->
        <test-method is-config="true" signature="preCondition()[pri:0, instance:com.salesforce.testcases.TC001_VerifyLogin@536f2a7e]" started-at="2024-10-10T19:46:50 IST" name="preCondition" finished-at="2024-10-10T19:46:54 IST" duration-ms="3564" status="FAIL">
          <exception class="java.lang.StackOverflowError">
            <full-stacktrace>
              <![CDATA[java.lang.StackOverflowError
at com.framework.selenium.api.base.SeleniumBase.takeSnap(SeleniumBase.java:903)
at com.framework.utils.Reporter.reportStep(Reporter.java:81)
at com.framework.utils.Reporter.reportStep(Reporter.java:108)
at com.framework.selenium.api.base.SeleniumBase.takeSnap(SeleniumBase.java:910)
at com.framework.utils.Reporter.reportStep(Reporter.java:81)
at com.framework.utils.Reporter.reportStep(Reporter.java:108)
at com.framework.selenium.api.base.SeleniumBase.takeSnap(SeleniumBase.java:910)
at com.framework.utils.Reporter.reportStep(Reporter.java:81)
at com.framework.utils.Reporter.reportStep(Reporter.java:108)
at com.framework.selenium.api.base.SeleniumBase.takeSnap(SeleniumBase.java:910)
at com.framework.utils.Reporter.reportStep(Reporter.java:81)
at com.framework.utils.Reporter.reportStep(Reporter.java:108)
at com.framework.selenium.api.base.SeleniumBase.takeSnap(SeleniumBase.java:910)
at com.framework.utils.Reporter.reportStep(Reporter.java:81)
at com.framework.utils.Reporter.reportStep(Reporter.java:108)
at com.framework.selenium.api.base.SeleniumBase.takeSnap(SeleniumBase.java:910)
at com.framework.utils.Reporter.reportStep(Reporter.java:81)
at com.framework.utils.Reporter.reportStep(Reporter.java:108)
at com.framework.selenium.api.base.SeleniumBase.takeSnap(SeleniumBase.java:910)
at com.framework.utils.Reporter.reportStep(Reporter.java:81)
at com.framework.utils.Reporter.reportStep(Reporter.java:108)
at com.framework.selenium.api.base.SeleniumBase.takeSnap(SeleniumBase.java:910)
at com.framework.utils.Reporter.reportStep(Reporter.java:81)
at com.framework.utils.Reporter.reportStep(Reporter.java:108)
at com.framework.selenium.api.base.SeleniumBase.takeSnap(SeleniumBase.java:910)
at com.framework.utils.Reporter.reportStep(Reporter.java:81)
at com.framework.utils.Reporter.reportStep(Reporter.java:108)
at com.framework.selenium.api.base.SeleniumBase.takeSnap(SeleniumBase.java:910)
at com.framework.utils.Reporter.reportStep(Reporter.java:81)
at com.framework.utils.Reporter.reportStep(Reporter.java:108)
at com.framework.selenium.api.base.SeleniumBase.takeSnap(SeleniumBase.java:910)
at com.framework.utils.Reporter.reportStep(Reporter.java:81)
at com.framework.utils.Reporter.reportStep(Reporter.java:108)
at com.framework.selenium.api.base.SeleniumBase.takeSnap(SeleniumBase.java:910)
at com.framework.utils.Reporter.reportStep(Reporter.java:81)
at com.framework.utils.Reporter.reportStep(Reporter.java:108)
at com.framework.selenium.api.base.SeleniumBase.takeSnap(SeleniumBase.java:910)
at com.framework.utils.Reporter.reportStep(Reporter.java:81)
at com.framework.utils.Reporter.reportStep(Reporter.java:108)
at com.framework.selenium.api.base.SeleniumBase.takeSnap(SeleniumBase.java:910)
at com.framework.utils.Reporter.reportStep(Reporter.java:81)
at com.framework.utils.Reporter.reportStep(Reporter.java:108)
at com.framework.selenium.api.base.SeleniumBase.takeSnap(SeleniumBase.java:910)
at com.framework.utils.Reporter.reportStep(Reporter.java:81)
at com.framework.utils.Reporter.reportStep(Reporter.java:108)
at com.framework.selenium.api.base.SeleniumBase.takeSnap(SeleniumBase.java:910)
at com.framework.utils.Reporter.reportStep(Reporter.java:81)
at com.framework.utils.Reporter.reportStep(Reporter.java:108)
at com.framework.selenium.api.base.SeleniumBase.takeSnap(SeleniumBase.java:910)
at com.framework.utils.Reporter.reportStep(Reporter.java:81)
at com.framework.utils.Reporter.reportStep(Reporter.java:108)
at com.framework.selenium.api.base.SeleniumBase.takeSnap(SeleniumBase.java:910)
at com.framework.utils.Reporter.reportStep(Reporter.java:81)
at com.framework.utils.Reporter.reportStep(Reporter.java:108)
at com.framework.selenium.api.base.SeleniumBase.takeSnap(SeleniumBase.java:910)
at com.framework.utils.Reporter.reportStep(Reporter.java:81)
at com.framework.utils.Reporter.reportStep(Reporter.java:108)
at com.framework.selenium.api.base.SeleniumBase.takeSnap(SeleniumBase.java:910)
at com.framework.utils.Reporter.reportStep(Reporter.java:81)
at com.framework.utils.Reporter.reportStep(Reporter.java:108)
at com.framework.selenium.api.base.SeleniumBase.takeSnap(SeleniumBase.java:910)
at com.framework.utils.Reporter.reportStep(Reporter.java:81)
at com.framework.utils.Reporter.reportStep(Reporter.java:108)
at com.framework.selenium.api.base.SeleniumBase.takeSnap(SeleniumBase.java:910)
at com.framework.utils.Reporter.reportStep(Reporter.java:81)
at com.framework.utils.Reporter.reportStep(Reporter.java:108)
at com.framework.selenium.api.base.SeleniumBase.takeSnap(SeleniumBase.java:910)
at com.framework.utils.Reporter.reportStep(Reporter.java:81)
at com.framework.utils.Reporter.reportStep(Reporter.java:108)
at com.framework.selenium.api.base.SeleniumBase.takeSnap(SeleniumBase.java:910)
at com.framework.utils.Reporter.reportStep(Reporter.java:81)
at com.framework.utils.Reporter.reportStep(Reporter.java:108)
at com.framework.selenium.api.base.SeleniumBase.takeSnap(SeleniumBase.java:910)
at com.framework.utils.Reporter.reportStep(Reporter.java:81)
at com.framework.utils.Reporter.reportStep(Reporter.java:108)
at com.framework.selenium.api.base.SeleniumBase.takeSnap(SeleniumBase.java:910)
at com.framework.utils.Reporter.reportStep(Reporter.java:81)
at com.framework.utils.Reporter.reportStep(Reporter.java:108)
at com.framework.selenium.api.base.SeleniumBase.takeSnap(SeleniumBase.java:910)
at com.framework.utils.Reporter.reportStep(Reporter.java:81)
at com.framework.utils.Reporter.reportStep(Reporter.java:108)
at com.framework.selenium.api.base.SeleniumBase.takeSnap(SeleniumBase.java:910)
at com.framework.utils.Reporter.reportStep(Reporter.java:81)
at com.framework.utils.Reporter.reportStep(Reporter.java:108)
at com.framework.selenium.api.base.SeleniumBase.takeSnap(SeleniumBase.java:910)
at com.framework.utils.Reporter.reportStep(Reporter.java:81)
at com.framework.utils.Reporter.reportStep(Reporter.java:108)
at com.framework.selenium.api.base.SeleniumBase.takeSnap(SeleniumBase.java:910)
at com.framework.utils.Reporter.reportStep(Reporter.java:81)
at com.framework.utils.Reporter.reportStep(Reporter.java:108)
at com.framework.selenium.api.base.SeleniumBase.takeSnap(SeleniumBase.java:910)
at com.framework.utils.Reporter.reportStep(Reporter.java:81)
at com.framework.utils.Reporter.reportStep(Reporter.java:108)
at com.framework.selenium.api.base.SeleniumBase.takeSnap(SeleniumBase.java:910)
at com.framework.utils.Reporter.reportStep(Reporter.java:81)
at com.framework.utils.Reporter.reportStep(Reporter.java:108)
at com.framework.selenium.api.base.SeleniumBase.takeSnap(SeleniumBase.java:910)
at com.framework.utils.Reporter.reportStep(Reporter.java:81)
at com.framework.utils.Reporter.reportStep(Reporter.java:108)
at com.framework.selenium.api.base.SeleniumBase.takeSnap(SeleniumBase.java:910)
at com.framework.utils.Reporter.reportStep(Reporter.java:81)
at com.framework.utils.Reporter.reportStep(Reporter.java:108)
at com.framework.selenium.api.base.SeleniumBase.takeSnap(SeleniumBase.java:910)
at com.framework.utils.Reporter.reportStep(Reporter.java:81)
at com.framework.utils.Reporter.reportStep(Reporter.java:108)
at com.framework.selenium.api.base.SeleniumBase.takeSnap(SeleniumBase.java:910)
at com.framework.utils.Reporter.reportStep(Reporter.java:81)
at com.framework.utils.Reporter.reportStep(Reporter.java:108)
at com.framework.selenium.api.base.SeleniumBase.takeSnap(SeleniumBase.java:910)
at com.framework.utils.Reporter.reportStep(Reporter.java:81)
at com.framework.utils.Reporter.reportStep(Reporter.java:108)
at com.framework.selenium.api.base.SeleniumBase.takeSnap(SeleniumBase.java:910)
at com.framework.utils.Reporter.reportStep(Reporter.java:81)
at com.framework.utils.Reporter.reportStep(Reporter.java:108)
at com.framework.selenium.api.base.SeleniumBase.takeSnap(SeleniumBase.java:910)
at com.framework.utils.Reporter.reportStep(Reporter.java:81)
at com.framework.utils.Reporter.reportStep(Reporter.java:108)
at com.framework.selenium.api.base.SeleniumBase.takeSnap(SeleniumBase.java:910)
at com.framework.utils.Reporter.reportStep(Reporter.java:81)
at com.framework.utils.Reporter.reportStep(Reporter.java:108)
at com.framework.selenium.api.base.SeleniumBase.takeSnap(SeleniumBase.java:910)
at com.framework.utils.Reporter.reportStep(Reporter.java:81)
at com.framework.utils.Reporter.reportStep(Reporter.java:108)
at com.framework.selenium.api.base.SeleniumBase.takeSnap(SeleniumBase.java:910)
at com.framework.utils.Reporter.reportStep(Reporter.java:81)
at com.framework.utils.Reporter.reportStep(Reporter.java:108)
at com.framework.selenium.api.base.SeleniumBase.takeSnap(SeleniumBase.java:910)
at com.framework.utils.Reporter.reportStep(Reporter.java:81)
at com.framework.utils.Reporter.reportStep(Reporter.java:108)
at com.framework.selenium.api.base.SeleniumBase.takeSnap(SeleniumBase.java:910)
at com.framework.utils.Reporter.reportStep(Reporter.java:81)
at com.framework.utils.Reporter.reportStep(Reporter.java:108)
at com.framework.selenium.api.base.SeleniumBase.takeSnap(SeleniumBase.java:910)
at com.framework.utils.Reporter.reportStep(Reporter.java:81)
at com.framework.utils.Reporter.reportStep(Reporter.java:108)
at com.framework.selenium.api.base.SeleniumBase.takeSnap(SeleniumBase.java:910)
at com.framework.utils.Reporter.reportStep(Reporter.java:81)
at com.framework.utils.Reporter.reportStep(Reporter.java:108)
at com.framework.selenium.api.base.SeleniumBase.takeSnap(SeleniumBase.java:910)
at com.framework.utils.Reporter.reportStep(Reporter.java:81)
at com.framework.utils.Reporter.reportStep(Reporter.java:108)
at com.framework.selenium.api.base.SeleniumBase.takeSnap(SeleniumBase.java:910)
at com.framework.utils.Reporter.reportStep(Reporter.java:81)
at com.framework.utils.Reporter.reportStep(Reporter.java:108)
at com.framework.selenium.api.base.SeleniumBase.takeSnap(SeleniumBase.java:910)
at com.framework.utils.Reporter.reportStep(Reporter.java:81)
at com.framework.utils.Reporter.reportStep(Reporter.java:108)
at com.framework.selenium.api.base.SeleniumBase.takeSnap(SeleniumBase.java:910)
at com.framework.utils.Reporter.reportStep(Reporter.java:81)
at com.framework.utils.Reporter.reportStep(Reporter.java:108)
at com.framework.selenium.api.base.SeleniumBase.takeSnap(SeleniumBase.java:910)
at com.framework.utils.Reporter.reportStep(Reporter.java:81)
at com.framework.utils.Reporter.reportStep(Reporter.java:108)
at com.framework.selenium.api.base.SeleniumBase.takeSnap(SeleniumBase.java:910)
at com.framework.utils.Reporter.reportStep(Reporter.java:81)
at com.framework.utils.Reporter.reportStep(Reporter.java:108)
at com.framework.selenium.api.base.SeleniumBase.takeSnap(SeleniumBase.java:910)
at com.framework.utils.Reporter.reportStep(Reporter.java:81)
at com.framework.utils.Reporter.reportStep(Reporter.java:108)
at com.framework.selenium.api.base.SeleniumBase.takeSnap(SeleniumBase.java:910)
at com.framework.utils.Reporter.reportStep(Reporter.java:81)
at com.framework.utils.Reporter.reportStep(Reporter.java:108)
at com.framework.selenium.api.base.SeleniumBase.takeSnap(SeleniumBase.java:910)
at com.framework.utils.Reporter.reportStep(Reporter.java:81)
at com.framework.utils.Reporter.reportStep(Reporter.java:108)
at com.framework.selenium.api.base.SeleniumBase.takeSnap(SeleniumBase.java:910)
at com.framework.utils.Reporter.reportStep(Reporter.java:81)
at com.framework.utils.Reporter.reportStep(Reporter.java:108)
at com.framework.selenium.api.base.SeleniumBase.takeSnap(SeleniumBase.java:910)
at com.framework.utils.Reporter.reportStep(Reporter.java:81)
at com.framework.utils.Reporter.reportStep(Reporter.java:108)
at com.framework.selenium.api.base.SeleniumBase.takeSnap(SeleniumBase.java:910)
at com.framework.utils.Reporter.reportStep(Reporter.java:81)
at com.framework.utils.Reporter.reportStep(Reporter.java:108)
at com.framework.selenium.api.base.SeleniumBase.takeSnap(SeleniumBase.java:910)
at com.framework.utils.Reporter.reportStep(Reporter.java:81)
at com.framework.utils.Reporter.reportStep(Reporter.java:108)
at com.framework.selenium.api.base.SeleniumBase.takeSnap(SeleniumBase.java:910)
at com.framework.utils.Reporter.reportStep(Reporter.java:81)
at com.framework.utils.Reporter.reportStep(Reporter.java:108)
at com.framework.selenium.api.base.SeleniumBase.takeSnap(SeleniumBase.java:910)
at com.framework.utils.Reporter.reportStep(Reporter.java:81)
at com.framework.utils.Reporter.reportStep(Reporter.java:108)
at com.framework.selenium.api.base.SeleniumBase.takeSnap(SeleniumBase.java:910)
at com.framework.utils.Reporter.reportStep(Reporter.java:81)
at com.framework.utils.Reporter.reportStep(Reporter.java:108)
at com.framework.selenium.api.base.SeleniumBase.takeSnap(SeleniumBase.java:910)
at com.framework.utils.Reporter.reportStep(Reporter.java:81)
at com.framework.utils.Reporter.reportStep(Reporter.java:108)
at com.framework.selenium.api.base.SeleniumBase.takeSnap(SeleniumBase.java:910)
at com.framework.utils.Reporter.reportStep(Reporter.java:81)
at com.framework.utils.Reporter.reportStep(Reporter.java:108)
at com.framework.selenium.api.base.SeleniumBase.takeSnap(SeleniumBase.java:910)
at com.framework.utils.Reporter.reportStep(Reporter.java:81)
at com.framework.utils.Reporter.reportStep(Reporter.java:108)
at com.framework.selenium.api.base.SeleniumBase.takeSnap(SeleniumBase.java:910)
at com.framework.utils.Reporter.reportStep(Reporter.java:81)
at com.framework.utils.Reporter.reportStep(Reporter.java:108)
at com.framework.selenium.api.base.SeleniumBase.takeSnap(SeleniumBase.java:910)
at com.framework.utils.Reporter.reportStep(Reporter.java:81)
at com.framework.utils.Reporter.reportStep(Reporter.java:108)
at com.framework.selenium.api.base.SeleniumBase.takeSnap(SeleniumBase.java:910)
at com.framework.utils.Reporter.reportStep(Reporter.java:81)
at com.framework.utils.Reporter.reportStep(Reporter.java:108)
at com.framework.selenium.api.base.SeleniumBase.takeSnap(SeleniumBase.java:910)
at com.framework.utils.Reporter.reportStep(Reporter.java:81)
at com.framework.utils.Reporter.reportStep(Reporter.java:108)
at com.framework.selenium.api.base.SeleniumBase.takeSnap(SeleniumBase.java:910)
at com.framework.utils.Reporter.reportStep(Reporter.java:81)
at com.framework.utils.Reporter.reportStep(Reporter.java:108)
at com.framework.selenium.api.base.SeleniumBase.takeSnap(SeleniumBase.java:910)
at com.framework.utils.Reporter.reportStep(Reporter.java:81)
at com.framework.utils.Reporter.reportStep(Reporter.java:108)
at com.framework.selenium.api.base.SeleniumBase.takeSnap(SeleniumBase.java:910)
at com.framework.utils.Reporter.reportStep(Reporter.java:81)
at com.framework.utils.Reporter.reportStep(Reporter.java:108)
at com.framework.selenium.api.base.SeleniumBase.takeSnap(SeleniumBase.java:910)
at com.framework.utils.Reporter.reportStep(Reporter.java:81)
at com.framework.utils.Reporter.reportStep(Reporter.java:108)
at com.framework.selenium.api.base.SeleniumBase.takeSnap(SeleniumBase.java:910)
at com.framework.utils.Reporter.reportStep(Reporter.java:81)
at com.framework.utils.Reporter.reportStep(Reporter.java:108)
at com.framework.selenium.api.base.SeleniumBase.takeSnap(SeleniumBase.java:910)
at com.framework.utils.Reporter.reportStep(Reporter.java:81)
at com.framework.utils.Reporter.reportStep(Reporter.java:108)
at com.framework.selenium.api.base.SeleniumBase.takeSnap(SeleniumBase.java:910)
at com.framework.utils.Reporter.reportStep(Reporter.java:81)
at com.framework.utils.Reporter.reportStep(Reporter.java:108)
at com.framework.selenium.api.base.SeleniumBase.takeSnap(SeleniumBase.java:910)
at com.framework.utils.Reporter.reportStep(Reporter.java:81)
at com.framework.utils.Reporter.reportStep(Reporter.java:108)
at com.framework.selenium.api.base.SeleniumBase.takeSnap(SeleniumBase.java:910)
at com.framework.utils.Reporter.reportStep(Reporter.java:81)
at com.framework.utils.Reporter.reportStep(Reporter.java:108)
at com.framework.selenium.api.base.SeleniumBase.takeSnap(SeleniumBase.java:910)
at com.framework.utils.Reporter.reportStep(Reporter.java:81)
at com.framework.utils.Reporter.reportStep(Reporter.java:108)
at com.framework.selenium.api.base.SeleniumBase.takeSnap(SeleniumBase.java:910)
at com.framework.utils.Reporter.reportStep(Reporter.java:81)
at com.framework.utils.Reporter.reportStep(Reporter.java:108)
at com.framework.selenium.api.base.SeleniumBase.takeSnap(SeleniumBase.java:910)
at com.framework.utils.Reporter.reportStep(Reporter.java:81)
at com.framework.utils.Reporter.reportStep(Reporter.java:108)
at com.framework.selenium.api.base.SeleniumBase.takeSnap(SeleniumBase.java:910)
at com.framework.utils.Reporter.reportStep(Reporter.java:81)
at com.framework.utils.Reporter.reportStep(Reporter.java:108)
at com.framework.selenium.api.base.SeleniumBase.takeSnap(SeleniumBase.java:910)
at com.framework.utils.Reporter.reportStep(Reporter.java:81)
at com.framework.utils.Reporter.reportStep(Reporter.java:108)
at com.framework.selenium.api.base.SeleniumBase.takeSnap(SeleniumBase.java:910)
at com.framework.utils.Reporter.reportStep(Reporter.java:81)
at com.framework.utils.Reporter.reportStep(Reporter.java:108)
at com.framework.selenium.api.base.SeleniumBase.takeSnap(SeleniumBase.java:910)
at com.framework.utils.Reporter.reportStep(Reporter.java:81)
at com.framework.utils.Reporter.reportStep(Reporter.java:108)
at com.framework.selenium.api.base.SeleniumBase.takeSnap(SeleniumBase.java:910)
at com.framework.utils.Reporter.reportStep(Reporter.java:81)
at com.framework.utils.Reporter.reportStep(Reporter.java:108)
at com.framework.selenium.api.base.SeleniumBase.takeSnap(SeleniumBase.java:910)
at com.framework.utils.Reporter.reportStep(Reporter.java:81)
at com.framework.utils.Reporter.reportStep(Reporter.java:108)
at com.framework.selenium.api.base.SeleniumBase.takeSnap(SeleniumBase.java:910)
at com.framework.utils.Reporter.reportStep(Reporter.java:81)
at com.framework.utils.Reporter.reportStep(Reporter.java:108)
at com.framework.selenium.api.base.SeleniumBase.takeSnap(SeleniumBase.java:910)
at com.framework.utils.Reporter.reportStep(Reporter.java:81)
at com.framework.utils.Reporter.reportStep(Reporter.java:108)
at com.framework.selenium.api.base.SeleniumBase.takeSnap(SeleniumBase.java:910)
at com.framework.utils.Reporter.reportStep(Reporter.java:81)
at com.framework.utils.Reporter.reportStep(Reporter.java:108)
at com.framework.selenium.api.base.SeleniumBase.takeSnap(SeleniumBase.java:910)
at com.framework.utils.Reporter.reportStep(Reporter.java:81)
at com.framework.utils.Reporter.reportStep(Reporter.java:108)
at com.framework.selenium.api.base.SeleniumBase.takeSnap(SeleniumBase.java:910)
at com.framework.utils.Reporter.reportStep(Reporter.java:81)
at com.framework.utils.Reporter.reportStep(Reporter.java:108)
at com.framework.selenium.api.base.SeleniumBase.takeSnap(SeleniumBase.java:910)
at com.framework.utils.Reporter.reportStep(Reporter.java:81)
at com.framework.utils.Reporter.reportStep(Reporter.java:108)
at com.framework.selenium.api.base.SeleniumBase.takeSnap(SeleniumBase.java:910)
at com.framework.utils.Reporter.reportStep(Reporter.java:81)
at com.framework.utils.Reporter.reportStep(Reporter.java:108)
at com.framework.selenium.api.base.SeleniumBase.takeSnap(SeleniumBase.java:910)
at com.framework.utils.Reporter.reportStep(Reporter.java:81)
at com.framework.utils.Reporter.reportStep(Reporter.java:108)
at com.framework.selenium.api.base.SeleniumBase.takeSnap(SeleniumBase.java:910)
at com.framework.utils.Reporter.reportStep(Reporter.java:81)
at com.framework.utils.Reporter.reportStep(Reporter.java:108)
at com.framework.selenium.api.base.SeleniumBase.takeSnap(SeleniumBase.java:910)
at com.framework.utils.Reporter.reportStep(Reporter.java:81)
at com.framework.utils.Reporter.reportStep(Reporter.java:108)
at com.framework.selenium.api.base.SeleniumBase.takeSnap(SeleniumBase.java:910)
at com.framework.utils.Reporter.reportStep(Reporter.java:81)
at com.framework.utils.Reporter.reportStep(Reporter.java:108)
at com.framework.selenium.api.base.SeleniumBase.takeSnap(SeleniumBase.java:910)
at com.framework.utils.Reporter.reportStep(Reporter.java:81)
at com.framework.utils.Reporter.reportStep(Reporter.java:108)
at com.framework.selenium.api.base.SeleniumBase.takeSnap(SeleniumBase.java:910)
at com.framework.utils.Reporter.reportStep(Reporter.java:81)
at com.framework.utils.Reporter.reportStep(Reporter.java:108)
at com.framework.selenium.api.base.SeleniumBase.takeSnap(SeleniumBase.java:910)
at com.framework.utils.Reporter.reportStep(Reporter.java:81)
at com.framework.utils.Reporter.reportStep(Reporter.java:108)
at com.framework.selenium.api.base.SeleniumBase.takeSnap(SeleniumBase.java:910)
at com.framework.utils.Reporter.reportStep(Reporter.java:81)
at com.framework.utils.Reporter.reportStep(Reporter.java:108)
at com.framework.selenium.api.base.SeleniumBase.takeSnap(SeleniumBase.java:910)
at com.framework.utils.Reporter.reportStep(Reporter.java:81)
at com.framework.utils.Reporter.reportStep(Reporter.java:108)
at com.framework.selenium.api.base.SeleniumBase.takeSnap(SeleniumBase.java:910)
at com.framework.utils.Reporter.reportStep(Reporter.java:81)
at com.framework.utils.Reporter.reportStep(Reporter.java:108)
at com.framework.selenium.api.base.SeleniumBase.takeSnap(SeleniumBase.java:910)
at com.framework.utils.Reporter.reportStep(Reporter.java:81)
at com.framework.utils.Reporter.reportStep(Reporter.java:108)
at com.framework.selenium.api.base.SeleniumBase.takeSnap(SeleniumBase.java:910)
at com.framework.utils.Reporter.reportStep(Reporter.java:81)
at com.framework.utils.Reporter.reportStep(Reporter.java:108)
at com.framework.selenium.api.base.SeleniumBase.takeSnap(SeleniumBase.java:910)
at com.framework.utils.Reporter.reportStep(Reporter.java:81)
at com.framework.utils.Reporter.reportStep(Reporter.java:108)
at com.framework.selenium.api.base.SeleniumBase.takeSnap(SeleniumBase.java:910)
at com.framework.utils.Reporter.reportStep(Reporter.java:81)
at com.framework.utils.Reporter.reportStep(Reporter.java:108)
at com.framework.selenium.api.base.SeleniumBase.takeSnap(SeleniumBase.java:910)
at com.framework.utils.Reporter.reportStep(Reporter.java:81)
at com.framework.utils.Reporter.reportStep(Reporter.java:108)
at com.framework.selenium.api.base.SeleniumBase.takeSnap(SeleniumBase.java:910)
at com.framework.utils.Reporter.reportStep(Reporter.java:81)
at com.framework.utils.Reporter.reportStep(Reporter.java:108)
at com.framework.selenium.api.base.SeleniumBase.takeSnap(SeleniumBase.java:910)
at com.framework.utils.Reporter.reportStep(Reporter.java:81)
at com.framework.utils.Reporter.reportStep(Reporter.java:108)
at com.framework.selenium.api.base.SeleniumBase.takeSnap(SeleniumBase.java:910)
at com.framework.utils.Reporter.reportStep(Reporter.java:81)
at com.framework.utils.Reporter.reportStep(Reporter.java:108)
at com.framework.selenium.api.base.SeleniumBase.takeSnap(SeleniumBase.java:910)
at com.framework.utils.Reporter.reportStep(Reporter.java:81)
at com.framework.utils.Reporter.reportStep(Reporter.java:108)
at com.framework.selenium.api.base.SeleniumBase.takeSnap(SeleniumBase.java:910)
at com.framework.utils.Reporter.reportStep(Reporter.java:81)
at com.framework.utils.Reporter.reportStep(Reporter.java:108)
at com.framework.selenium.api.base.SeleniumBase.takeSnap(SeleniumBase.java:910)
at com.framework.utils.Reporter.reportStep(Reporter.java:81)
at com.framework.utils.Reporter.reportStep(Reporter.java:108)
at com.framework.selenium.api.base.SeleniumBase.takeSnap(SeleniumBase.java:910)
at com.framework.utils.Reporter.reportStep(Reporter.java:81)
at com.framework.utils.Reporter.reportStep(Reporter.java:108)
at com.framework.selenium.api.base.SeleniumBase.takeSnap(SeleniumBase.java:910)
at com.framework.utils.Reporter.reportStep(Reporter.java:81)
at com.framework.utils.Reporter.reportStep(Reporter.java:108)
at com.framework.selenium.api.base.SeleniumBase.takeSnap(SeleniumBase.java:910)
at com.framework.utils.Reporter.reportStep(Reporter.java:81)
at com.framework.utils.Reporter.reportStep(Reporter.java:108)
at com.framework.selenium.api.base.SeleniumBase.takeSnap(SeleniumBase.java:910)
at com.framework.utils.Reporter.reportStep(Reporter.java:81)
at com.framework.utils.Reporter.reportStep(Reporter.java:108)
at com.framework.selenium.api.base.SeleniumBase.takeSnap(SeleniumBase.java:910)
at com.framework.utils.Reporter.reportStep(Reporter.java:81)
at com.framework.utils.Reporter.reportStep(Reporter.java:108)
at com.framework.selenium.api.base.SeleniumBase.takeSnap(SeleniumBase.java:910)
at com.framework.utils.Reporter.reportStep(Reporter.java:81)
at com.framework.utils.Reporter.reportStep(Reporter.java:108)
at com.framework.selenium.api.base.SeleniumBase.takeSnap(SeleniumBase.java:910)
at com.framework.utils.Reporter.reportStep(Reporter.java:81)
at com.framework.utils.Reporter.reportStep(Reporter.java:108)
at com.framework.selenium.api.base.SeleniumBase.takeSnap(SeleniumBase.java:910)
at com.framework.utils.Reporter.reportStep(Reporter.java:81)
at com.framework.utils.Reporter.reportStep(Reporter.java:108)
at com.framework.selenium.api.base.SeleniumBase.takeSnap(SeleniumBase.java:910)
at com.framework.utils.Reporter.reportStep(Reporter.java:81)
at com.framework.utils.Reporter.reportStep(Reporter.java:108)
at com.framework.selenium.api.base.SeleniumBase.takeSnap(SeleniumBase.java:910)
at com.framework.utils.Reporter.reportStep(Reporter.java:81)
at com.framework.utils.Reporter.reportStep(Reporter.java:108)
at com.framework.selenium.api.base.SeleniumBase.takeSnap(SeleniumBase.java:910)
at com.framework.utils.Reporter.reportStep(Reporter.java:81)
at com.framework.utils.Reporter.reportStep(Reporter.java:108)
at com.framework.selenium.api.base.SeleniumBase.takeSnap(SeleniumBase.java:910)
at com.framework.utils.Reporter.reportStep(Reporter.java:81)
at com.framework.utils.Reporter.reportStep(Reporter.java:108)
at com.framework.selenium.api.base.SeleniumBase.takeSnap(SeleniumBase.java:910)
at com.framework.utils.Reporter.reportStep(Reporter.java:81)
at com.framework.utils.Reporter.reportStep(Reporter.java:108)
at com.framework.selenium.api.base.SeleniumBase.takeSnap(SeleniumBase.java:910)
at com.framework.utils.Reporter.reportStep(Reporter.java:81)
at com.framework.utils.Reporter.reportStep(Reporter.java:108)
at com.framework.selenium.api.base.SeleniumBase.takeSnap(SeleniumBase.java:910)
at com.framework.utils.Reporter.reportStep(Reporter.java:81)
at com.framework.utils.Reporter.reportStep(Reporter.java:108)
at com.framework.selenium.api.base.SeleniumBase.takeSnap(SeleniumBase.java:910)
at com.framework.utils.Reporter.reportStep(Reporter.java:81)
at com.framework.utils.Reporter.reportStep(Reporter.java:108)
at com.framework.selenium.api.base.SeleniumBase.takeSnap(SeleniumBase.java:910)
at com.framework.utils.Reporter.reportStep(Reporter.java:81)
at com.framework.utils.Reporter.reportStep(Reporter.java:108)
at com.framework.selenium.api.base.SeleniumBase.takeSnap(SeleniumBase.java:910)
at com.framework.utils.Reporter.reportStep(Reporter.java:81)
at com.framework.utils.Reporter.reportStep(Reporter.java:108)
at com.framework.selenium.api.base.SeleniumBase.takeSnap(SeleniumBase.java:910)
at com.framework.utils.Reporter.reportStep(Reporter.java:81)
at com.framework.utils.Reporter.reportStep(Reporter.java:108)
at com.framework.selenium.api.base.SeleniumBase.takeSnap(SeleniumBase.java:910)
at com.framework.utils.Reporter.reportStep(Reporter.java:81)
at com.framework.utils.Reporter.reportStep(Reporter.java:108)
at com.framework.selenium.api.base.SeleniumBase.takeSnap(SeleniumBase.java:910)
at com.framework.utils.Reporter.reportStep(Reporter.java:81)
at com.framework.utils.Reporter.reportStep(Reporter.java:108)
at com.framework.selenium.api.base.SeleniumBase.takeSnap(SeleniumBase.java:910)
at com.framework.utils.Reporter.reportStep(Reporter.java:81)
at com.framework.utils.Reporter.reportStep(Reporter.java:108)
at com.framework.selenium.api.base.SeleniumBase.takeSnap(SeleniumBase.java:910)
at com.framework.utils.Reporter.reportStep(Reporter.java:81)
at com.framework.utils.Reporter.reportStep(Reporter.java:108)
at com.framework.selenium.api.base.SeleniumBase.takeSnap(SeleniumBase.java:910)
at com.framework.utils.Reporter.reportStep(Reporter.java:81)
at com.framework.utils.Reporter.reportStep(Reporter.java:108)
at com.framework.selenium.api.base.SeleniumBase.takeSnap(SeleniumBase.java:910)
at com.framework.utils.Reporter.reportStep(Reporter.java:81)
at com.framework.utils.Reporter.reportStep(Reporter.java:108)
at com.framework.selenium.api.base.SeleniumBase.takeSnap(SeleniumBase.java:910)
at com.framework.utils.Reporter.reportStep(Reporter.java:81)
at com.framework.utils.Reporter.reportStep(Reporter.java:108)
at com.framework.selenium.api.base.SeleniumBase.takeSnap(SeleniumBase.java:910)
at com.framework.utils.Reporter.reportStep(Reporter.java:81)
at com.framework.utils.Reporter.reportStep(Reporter.java:108)
at com.framework.selenium.api.base.SeleniumBase.takeSnap(SeleniumBase.java:910)
at com.framework.utils.Reporter.reportStep(Reporter.java:81)
at com.framework.utils.Reporter.reportStep(Reporter.java:108)
at com.framework.selenium.api.base.SeleniumBase.takeSnap(SeleniumBase.java:910)
at com.framework.utils.Reporter.reportStep(Reporter.java:81)
at com.framework.utils.Reporter.reportStep(Reporter.java:108)
at com.framework.selenium.api.base.SeleniumBase.takeSnap(SeleniumBase.java:910)
at com.framework.utils.Reporter.reportStep(Reporter.java:81)
at com.framework.utils.Reporter.reportStep(Reporter.java:108)
at com.framework.selenium.api.base.SeleniumBase.takeSnap(SeleniumBase.java:910)
at com.framework.utils.Reporter.reportStep(Reporter.java:81)
at com.framework.utils.Reporter.reportStep(Reporter.java:108)
at com.framework.selenium.api.base.SeleniumBase.takeSnap(SeleniumBase.java:910)
at com.framework.utils.Reporter.reportStep(Reporter.java:81)
at com.framework.utils.Reporter.reportStep(Reporter.java:108)
at com.framework.selenium.api.base.SeleniumBase.takeSnap(SeleniumBase.java:910)
at com.framework.utils.Reporter.reportStep(Reporter.java:81)
at com.framework.utils.Reporter.reportStep(Reporter.java:108)
at com.framework.selenium.api.base.SeleniumBase.takeSnap(SeleniumBase.java:910)
at com.framework.utils.Reporter.reportStep(Reporter.java:81)
at com.framework.utils.Reporter.reportStep(Reporter.java:108)
at com.framework.selenium.api.base.SeleniumBase.takeSnap(SeleniumBase.java:910)
at com.framework.utils.Reporter.reportStep(Reporter.java:81)
at com.framework.utils.Reporter.reportStep(Reporter.java:108)
at com.framework.selenium.api.base.SeleniumBase.takeSnap(SeleniumBase.java:910)
at com.framework.utils.Reporter.reportStep(Reporter.java:81)
at com.framework.utils.Reporter.reportStep(Reporter.java:108)
at com.framework.selenium.api.base.SeleniumBase.takeSnap(SeleniumBase.java:910)
at com.framework.utils.Reporter.reportStep(Reporter.java:81)
at com.framework.utils.Reporter.reportStep(Reporter.java:108)
at com.framework.selenium.api.base.SeleniumBase.takeSnap(SeleniumBase.java:910)
at com.framework.utils.Reporter.reportStep(Reporter.java:81)
at com.framework.utils.Reporter.reportStep(Reporter.java:108)
at com.framework.selenium.api.base.SeleniumBase.takeSnap(SeleniumBase.java:910)
at com.framework.utils.Reporter.reportStep(Reporter.java:81)
at com.framework.utils.Reporter.reportStep(Reporter.java:108)
at com.framework.selenium.api.base.SeleniumBase.takeSnap(SeleniumBase.java:910)
at com.framework.utils.Reporter.reportStep(Reporter.java:81)
at com.framework.utils.Reporter.reportStep(Reporter.java:108)
at com.framework.selenium.api.base.SeleniumBase.takeSnap(SeleniumBase.java:910)
at com.framework.utils.Reporter.reportStep(Reporter.java:81)
at com.framework.utils.Reporter.reportStep(Reporter.java:108)
at com.framework.selenium.api.base.SeleniumBase.takeSnap(SeleniumBase.java:910)
at com.framework.utils.Reporter.reportStep(Reporter.java:81)
at com.framework.utils.Reporter.reportStep(Reporter.java:108)
at com.framework.selenium.api.base.SeleniumBase.takeSnap(SeleniumBase.java:910)
at com.framework.utils.Reporter.reportStep(Reporter.java:81)
at com.framework.utils.Reporter.reportStep(Reporter.java:108)
at com.framework.selenium.api.base.SeleniumBase.takeSnap(SeleniumBase.java:910)
at com.framework.utils.Reporter.reportStep(Reporter.java:81)
at com.framework.utils.Reporter.reportStep(Reporter.java:108)
at com.framework.selenium.api.base.SeleniumBase.takeSnap(SeleniumBase.java:910)
at com.framework.utils.Reporter.reportStep(Reporter.java:81)
at com.framework.utils.Reporter.reportStep(Reporter.java:108)
at com.framework.selenium.api.base.SeleniumBase.takeSnap(SeleniumBase.java:910)
at com.framework.utils.Reporter.reportStep(Reporter.java:81)
at com.framework.utils.Reporter.reportStep(Reporter.java:108)
at com.framework.selenium.api.base.SeleniumBase.takeSnap(SeleniumBase.java:910)
at com.framework.utils.Reporter.reportStep(Reporter.java:81)
at com.framework.utils.Reporter.reportStep(Reporter.java:108)
at com.framework.selenium.api.base.SeleniumBase.takeSnap(SeleniumBase.java:910)
at com.framework.utils.Reporter.reportStep(Reporter.java:81)
at com.framework.utils.Reporter.reportStep(Reporter.java:108)
at com.framework.selenium.api.base.SeleniumBase.takeSnap(SeleniumBase.java:910)
at com.framework.utils.Reporter.reportStep(Reporter.java:81)
at com.framework.utils.Reporter.reportStep(Reporter.java:108)
at com.framework.selenium.api.base.SeleniumBase.takeSnap(SeleniumBase.java:910)
at com.framework.utils.Reporter.reportStep(Reporter.java:81)
at com.framework.utils.Reporter.reportStep(Reporter.java:108)
at com.framework.selenium.api.base.SeleniumBase.takeSnap(SeleniumBase.java:910)
at com.framework.utils.Reporter.reportStep(Reporter.java:81)
at com.framework.utils.Reporter.reportStep(Reporter.java:108)
at com.framework.selenium.api.base.SeleniumBase.takeSnap(SeleniumBase.java:910)
at com.framework.utils.Reporter.reportStep(Reporter.java:81)
at com.framework.utils.Reporter.reportStep(Reporter.java:108)
at com.framework.selenium.api.base.SeleniumBase.takeSnap(SeleniumBase.java:910)
at com.framework.utils.Reporter.reportStep(Reporter.java:81)
at com.framework.utils.Reporter.reportStep(Reporter.java:108)
at com.framework.selenium.api.base.SeleniumBase.takeSnap(SeleniumBase.java:910)
at com.framework.utils.Reporter.reportStep(Reporter.java:81)
at com.framework.utils.Reporter.reportStep(Reporter.java:108)
at com.framework.selenium.api.base.SeleniumBase.takeSnap(SeleniumBase.java:910)
at com.framework.utils.Reporter.reportStep(Reporter.java:81)
at com.framework.utils.Reporter.reportStep(Reporter.java:108)
at com.framework.selenium.api.base.SeleniumBase.takeSnap(SeleniumBase.java:910)
at com.framework.utils.Reporter.reportStep(Reporter.java:81)
at com.framework.utils.Reporter.reportStep(Reporter.java:108)
at com.framework.selenium.api.base.SeleniumBase.takeSnap(SeleniumBase.java:910)
at com.framework.utils.Reporter.reportStep(Reporter.java:81)
at com.framework.utils.Reporter.reportStep(Reporter.java:108)
at com.framework.selenium.api.base.SeleniumBase.takeSnap(SeleniumBase.java:910)
at com.framework.utils.Reporter.reportStep(Reporter.java:81)
at com.framework.utils.Reporter.reportStep(Reporter.java:108)
at com.framework.selenium.api.base.SeleniumBase.takeSnap(SeleniumBase.java:910)
at com.framework.utils.Reporter.reportStep(Reporter.java:81)
at com.framework.utils.Reporter.reportStep(Reporter.java:108)
at com.framework.selenium.api.base.SeleniumBase.takeSnap(SeleniumBase.java:910)
at com.framework.utils.Reporter.reportStep(Reporter.java:81)
at com.framework.utils.Reporter.reportStep(Reporter.java:108)
at com.framework.selenium.api.base.SeleniumBase.takeSnap(SeleniumBase.java:910)
at com.framework.utils.Reporter.reportStep(Reporter.java:81)
at com.framework.utils.Reporter.reportStep(Reporter.java:108)
at com.framework.selenium.api.base.SeleniumBase.takeSnap(SeleniumBase.java:910)
at com.framework.utils.Reporter.reportStep(Reporter.java:81)
at com.framework.utils.Reporter.reportStep(Reporter.java:108)
at com.framework.selenium.api.base.SeleniumBase.takeSnap(SeleniumBase.java:910)
at com.framework.utils.Reporter.reportStep(Reporter.java:81)
at com.framework.utils.Reporter.reportStep(Reporter.java:108)
at com.framework.selenium.api.base.SeleniumBase.takeSnap(SeleniumBase.java:910)
at com.framework.utils.Reporter.reportStep(Reporter.java:81)
at com.framework.utils.Reporter.reportStep(Reporter.java:108)
at com.framework.selenium.api.base.SeleniumBase.takeSnap(SeleniumBase.java:910)
at com.framework.utils.Reporter.reportStep(Reporter.java:81)
at com.framework.utils.Reporter.reportStep(Reporter.java:108)
at com.framework.selenium.api.base.SeleniumBase.takeSnap(SeleniumBase.java:910)
at com.framework.utils.Reporter.reportStep(Reporter.java:81)
at com.framework.utils.Reporter.reportStep(Reporter.java:108)
at com.framework.selenium.api.base.SeleniumBase.takeSnap(SeleniumBase.java:910)
at com.framework.utils.Reporter.reportStep(Reporter.java:81)
at com.framework.utils.Reporter.reportStep(Reporter.java:108)
at com.framework.selenium.api.base.SeleniumBase.takeSnap(SeleniumBase.java:910)
at com.framework.utils.Reporter.reportStep(Reporter.java:81)
at com.framework.utils.Reporter.reportStep(Reporter.java:108)
at com.framework.selenium.api.base.SeleniumBase.takeSnap(SeleniumBase.java:910)
at com.framework.utils.Reporter.reportStep(Reporter.java:81)
at com.framework.utils.Reporter.reportStep(Reporter.java:108)
at com.framework.selenium.api.base.SeleniumBase.takeSnap(SeleniumBase.java:910)
at com.framework.utils.Reporter.reportStep(Reporter.java:81)
at com.framework.utils.Reporter.reportStep(Reporter.java:108)
at com.framework.selenium.api.base.SeleniumBase.takeSnap(SeleniumBase.java:910)
at com.framework.utils.Reporter.reportStep(Reporter.java:81)
at com.framework.utils.Reporter.reportStep(Reporter.java:108)
at com.framework.selenium.api.base.SeleniumBase.takeSnap(SeleniumBase.java:910)
at com.framework.utils.Reporter.reportStep(Reporter.java:81)
at com.framework.utils.Reporter.reportStep(Reporter.java:108)
at com.framework.selenium.api.base.SeleniumBase.takeSnap(SeleniumBase.java:910)
at com.framework.utils.Reporter.reportStep(Reporter.java:81)
at com.framework.utils.Reporter.reportStep(Reporter.java:108)
at com.framework.selenium.api.base.SeleniumBase.takeSnap(SeleniumBase.java:910)
at com.framework.utils.Reporter.reportStep(Reporter.java:81)
at com.framework.utils.Reporter.reportStep(Reporter.java:108)
at com.framework.selenium.api.base.SeleniumBase.takeSnap(SeleniumBase.java:910)
at com.framework.utils.Reporter.reportStep(Reporter.java:81)
at com.framework.utils.Reporter.reportStep(Reporter.java:108)
at com.framework.selenium.api.base.SeleniumBase.takeSnap(SeleniumBase.java:910)
at com.framework.utils.Reporter.reportStep(Reporter.java:81)
at com.framework.utils.Reporter.reportStep(Reporter.java:108)
at com.framework.selenium.api.base.SeleniumBase.takeSnap(SeleniumBase.java:910)
at com.framework.utils.Reporter.reportStep(Reporter.java:81)
at com.framework.utils.Reporter.reportStep(Reporter.java:108)
at com.framework.selenium.api.base.SeleniumBase.takeSnap(SeleniumBase.java:910)
at com.framework.utils.Reporter.reportStep(Reporter.java:81)
at com.framework.utils.Reporter.reportStep(Reporter.java:108)
at com.framework.selenium.api.base.SeleniumBase.takeSnap(SeleniumBase.java:910)
at com.framework.utils.Reporter.reportStep(Reporter.java:81)
at com.framework.utils.Reporter.reportStep(Reporter.java:108)
at com.framework.selenium.api.base.SeleniumBase.takeSnap(SeleniumBase.java:910)
at com.framework.utils.Reporter.reportStep(Reporter.java:81)
at com.framework.utils.Reporter.reportStep(Reporter.java:108)
at com.framework.selenium.api.base.SeleniumBase.takeSnap(SeleniumBase.java:910)
at com.framework.utils.Reporter.reportStep(Reporter.java:81)
at com.framework.utils.Reporter.reportStep(Reporter.java:108)
at com.framework.selenium.api.base.SeleniumBase.takeSnap(SeleniumBase.java:910)
at com.framework.utils.Reporter.reportStep(Reporter.java:81)
at com.framework.utils.Reporter.reportStep(Reporter.java:108)
at com.framework.selenium.api.base.SeleniumBase.takeSnap(SeleniumBase.java:910)
at com.framework.utils.Reporter.reportStep(Reporter.java:81)
at com.framework.utils.Reporter.reportStep(Reporter.java:108)
at com.framework.selenium.api.base.SeleniumBase.takeSnap(SeleniumBase.java:910)
at com.framework.utils.Reporter.reportStep(Reporter.java:81)
at com.framework.utils.Reporter.reportStep(Reporter.java:108)
at com.framework.selenium.api.base.SeleniumBase.takeSnap(SeleniumBase.java:910)
at com.framework.utils.Reporter.reportStep(Reporter.java:81)
at com.framework.utils.Reporter.reportStep(Reporter.java:108)
at com.framework.selenium.api.base.SeleniumBase.takeSnap(SeleniumBase.java:910)
at com.framework.utils.Reporter.reportStep(Reporter.java:81)
at com.framework.utils.Reporter.reportStep(Reporter.java:108)
at com.framework.selenium.api.base.SeleniumBase.takeSnap(SeleniumBase.java:910)
at com.framework.utils.Reporter.reportStep(Reporter.java:81)
at com.framework.utils.Reporter.reportStep(Reporter.java:108)
at com.framework.selenium.api.base.SeleniumBase.takeSnap(SeleniumBase.java:910)
at com.framework.utils.Reporter.reportStep(Reporter.java:81)
at com.framework.utils.Reporter.reportStep(Reporter.java:108)
at com.framework.selenium.api.base.SeleniumBase.takeSnap(SeleniumBase.java:910)
at com.framework.utils.Reporter.reportStep(Reporter.java:81)
at com.framework.utils.Reporter.reportStep(Reporter.java:108)
at com.framework.selenium.api.base.SeleniumBase.takeSnap(SeleniumBase.java:910)
at com.framework.utils.Reporter.reportStep(Reporter.java:81)
at com.framework.utils.Reporter.reportStep(Reporter.java:108)
at com.framework.selenium.api.base.SeleniumBase.takeSnap(SeleniumBase.java:910)
at com.framework.utils.Reporter.reportStep(Reporter.java:81)
at com.framework.utils.Reporter.reportStep(Reporter.java:108)
at com.framework.selenium.api.base.SeleniumBase.takeSnap(SeleniumBase.java:910)
at com.framework.utils.Reporter.reportStep(Reporter.java:81)
at com.framework.utils.Reporter.reportStep(Reporter.java:108)
at com.framework.selenium.api.base.SeleniumBase.takeSnap(SeleniumBase.java:910)
at com.framework.utils.Reporter.reportStep(Reporter.java:81)
at com.framework.utils.Reporter.reportStep(Reporter.java:108)
at com.framework.selenium.api.base.SeleniumBase.takeSnap(SeleniumBase.java:910)
at com.framework.utils.Reporter.reportStep(Reporter.java:81)
at com.framework.utils.Reporter.reportStep(Reporter.java:108)
at com.framework.selenium.api.base.SeleniumBase.takeSnap(SeleniumBase.java:910)
at com.framework.utils.Reporter.reportStep(Reporter.java:81)
at com.framework.utils.Reporter.reportStep(Reporter.java:108)
at com.framework.selenium.api.base.SeleniumBase.takeSnap(SeleniumBase.java:910)
at com.framework.utils.Reporter.reportStep(Reporter.java:81)
at com.framework.utils.Reporter.reportStep(Reporter.java:108)
at com.framework.selenium.api.base.SeleniumBase.takeSnap(SeleniumBase.java:910)
at com.framework.utils.Reporter.reportStep(Reporter.java:81)
at com.framework.utils.Reporter.reportStep(Reporter.java:108)
at com.framework.selenium.api.base.SeleniumBase.takeSnap(SeleniumBase.java:910)
at com.framework.utils.Reporter.reportStep(Reporter.java:81)
at com.framework.utils.Reporter.reportStep(Reporter.java:108)
at com.framework.selenium.api.base.SeleniumBase.takeSnap(SeleniumBase.java:910)
at com.framework.utils.Reporter.reportStep(Reporter.java:81)
at com.framework.utils.Reporter.reportStep(Reporter.java:108)
at com.framework.selenium.api.base.SeleniumBase.takeSnap(SeleniumBase.java:910)
at com.framework.utils.Reporter.reportStep(Reporter.java:81)
at com.framework.utils.Reporter.reportStep(Reporter.java:108)
at com.framework.selenium.api.base.SeleniumBase.takeSnap(SeleniumBase.java:910)
at com.framework.utils.Reporter.reportStep(Reporter.java:81)
at com.framework.utils.Reporter.reportStep(Reporter.java:108)
at com.framework.selenium.api.base.SeleniumBase.takeSnap(SeleniumBase.java:910)
at com.framework.utils.Reporter.reportStep(Reporter.java:81)
at com.framework.utils.Reporter.reportStep(Reporter.java:108)
at com.framework.selenium.api.base.SeleniumBase.takeSnap(SeleniumBase.java:910)
at com.framework.utils.Reporter.reportStep(Reporter.java:81)
at com.framework.utils.Reporter.reportStep(Reporter.java:108)
at com.framework.selenium.api.base.SeleniumBase.takeSnap(SeleniumBase.java:910)
at com.framework.utils.Reporter.reportStep(Reporter.java:81)
at com.framework.utils.Reporter.reportStep(Reporter.java:108)
at com.framework.selenium.api.base.SeleniumBase.takeSnap(SeleniumBase.java:910)
at com.framework.utils.Reporter.reportStep(Reporter.java:81)
at com.framework.utils.Reporter.reportStep(Reporter.java:108)
at com.framework.selenium.api.base.SeleniumBase.takeSnap(SeleniumBase.java:910)
at com.framework.utils.Reporter.reportStep(Reporter.java:81)
at com.framework.utils.Reporter.reportStep(Reporter.java:108)
at com.framework.selenium.api.base.SeleniumBase.takeSnap(SeleniumBase.java:910)
at com.framework.utils.Reporter.reportStep(Reporter.java:81)
at com.framework.utils.Reporter.reportStep(Reporter.java:108)
at com.framework.selenium.api.base.SeleniumBase.takeSnap(SeleniumBase.java:910)
at com.framework.utils.Reporter.reportStep(Reporter.java:81)
at com.framework.utils.Reporter.reportStep(Reporter.java:108)
at com.framework.selenium.api.base.SeleniumBase.takeSnap(SeleniumBase.java:910)
at com.framework.utils.Reporter.reportStep(Reporter.java:81)
at com.framework.utils.Reporter.reportStep(Reporter.java:108)
at com.framework.selenium.api.base.SeleniumBase.takeSnap(SeleniumBase.java:910)
at com.framework.utils.Reporter.reportStep(Reporter.java:81)
at com.framework.utils.Reporter.reportStep(Reporter.java:108)
at com.framework.selenium.api.base.SeleniumBase.takeSnap(SeleniumBase.java:910)
at com.framework.utils.Reporter.reportStep(Reporter.java:81)
at com.framework.utils.Reporter.reportStep(Reporter.java:108)
at com.framework.selenium.api.base.SeleniumBase.takeSnap(SeleniumBase.java:910)
at com.framework.utils.Reporter.reportStep(Reporter.java:81)
at com.framework.utils.Reporter.reportStep(Reporter.java:108)
at com.framework.selenium.api.base.SeleniumBase.takeSnap(SeleniumBase.java:910)
at com.framework.utils.Reporter.reportStep(Reporter.java:81)
at com.framework.utils.Reporter.reportStep(Reporter.java:108)
at com.framework.selenium.api.base.SeleniumBase.takeSnap(SeleniumBase.java:910)
at com.framework.utils.Reporter.reportStep(Reporter.java:81)
at com.framework.utils.Reporter.reportStep(Reporter.java:108)
at com.framework.selenium.api.base.SeleniumBase.takeSnap(SeleniumBase.java:910)
at com.framework.utils.Reporter.reportStep(Reporter.java:81)
at com.framework.utils.Reporter.reportStep(Reporter.java:108)
at com.framework.selenium.api.base.SeleniumBase.takeSnap(SeleniumBase.java:910)
at com.framework.utils.Reporter.reportStep(Reporter.java:81)
at com.framework.utils.Reporter.reportStep(Reporter.java:108)
at com.framework.selenium.api.base.SeleniumBase.takeSnap(SeleniumBase.java:910)
at com.framework.utils.Reporter.reportStep(Reporter.java:81)
at com.framework.utils.Reporter.reportStep(Reporter.java:108)
at com.framework.selenium.api.base.SeleniumBase.takeSnap(SeleniumBase.java:910)
at com.framework.utils.Reporter.reportStep(Reporter.java:81)
at com.framework.utils.Reporter.reportStep(Reporter.java:108)
at com.framework.selenium.api.base.SeleniumBase.takeSnap(SeleniumBase.java:910)
at com.framework.utils.Reporter.reportStep(Reporter.java:81)
at com.framework.utils.Reporter.reportStep(Reporter.java:108)
at com.framework.selenium.api.base.SeleniumBase.takeSnap(SeleniumBase.java:910)
at com.framework.utils.Reporter.reportStep(Reporter.java:81)
at com.framework.utils.Reporter.reportStep(Reporter.java:108)
at com.framework.selenium.api.base.SeleniumBase.takeSnap(SeleniumBase.java:910)
at com.framework.utils.Reporter.reportStep(Reporter.java:81)
at com.framework.utils.Reporter.reportStep(Reporter.java:108)
at com.framework.selenium.api.base.SeleniumBase.takeSnap(SeleniumBase.java:910)
at com.framework.utils.Reporter.reportStep(Reporter.java:81)
at com.framework.utils.Reporter.reportStep(Reporter.java:108)
at com.framework.selenium.api.base.SeleniumBase.takeSnap(SeleniumBase.java:910)
at com.framework.utils.Reporter.reportStep(Reporter.java:81)
at com.framework.utils.Reporter.reportStep(Reporter.java:108)
at com.framework.selenium.api.base.SeleniumBase.takeSnap(SeleniumBase.java:910)
at com.framework.utils.Reporter.reportStep(Reporter.java:81)
at com.framework.utils.Reporter.reportStep(Reporter.java:108)
at com.framework.selenium.api.base.SeleniumBase.takeSnap(SeleniumBase.java:910)
at com.framework.utils.Reporter.reportStep(Reporter.java:81)
at com.framework.utils.Reporter.reportStep(Reporter.java:108)
at com.framework.selenium.api.base.SeleniumBase.takeSnap(SeleniumBase.java:910)
at com.framework.utils.Reporter.reportStep(Reporter.java:81)
at com.framework.utils.Reporter.reportStep(Reporter.java:108)
at com.framework.selenium.api.base.SeleniumBase.takeSnap(SeleniumBase.java:910)
at com.framework.utils.Reporter.reportStep(Reporter.java:81)
at com.framework.utils.Reporter.reportStep(Reporter.java:108)
at com.framework.selenium.api.base.SeleniumBase.takeSnap(SeleniumBase.java:910)
at com.framework.utils.Reporter.reportStep(Reporter.java:81)
at com.framework.utils.Reporter.reportStep(Reporter.java:108)
at com.framework.selenium.api.base.SeleniumBase.takeSnap(SeleniumBase.java:910)
at com.framework.utils.Reporter.reportStep(Reporter.java:81)
at com.framework.utils.Reporter.reportStep(Reporter.java:108)
at com.framework.selenium.api.base.SeleniumBase.takeSnap(SeleniumBase.java:910)
at com.framework.utils.Reporter.reportStep(Reporter.java:81)
at com.framework.utils.Reporter.reportStep(Reporter.java:108)
at com.framework.selenium.api.base.SeleniumBase.takeSnap(SeleniumBase.java:910)
at com.framework.utils.Reporter.reportStep(Reporter.java:81)
at com.framework.utils.Reporter.reportStep(Reporter.java:108)
at com.framework.selenium.api.base.SeleniumBase.takeSnap(SeleniumBase.java:910)
at com.framework.utils.Reporter.reportStep(Reporter.java:81)
at com.framework.utils.Reporter.reportStep(Reporter.java:108)
at com.framework.selenium.api.base.SeleniumBase.takeSnap(SeleniumBase.java:910)
at com.framework.utils.Reporter.reportStep(Reporter.java:81)
at com.framework.utils.Reporter.reportStep(Reporter.java:108)
at com.framework.selenium.api.base.SeleniumBase.takeSnap(SeleniumBase.java:910)
at com.framework.utils.Reporter.reportStep(Reporter.java:81)
at com.framework.utils.Reporter.reportStep(Reporter.java:108)
at com.framework.selenium.api.base.SeleniumBase.takeSnap(SeleniumBase.java:910)
at com.framework.utils.Reporter.reportStep(Reporter.java:81)
at com.framework.utils.Reporter.reportStep(Reporter.java:108)
at com.framework.selenium.api.base.SeleniumBase.takeSnap(SeleniumBase.java:910)
at com.framework.utils.Reporter.reportStep(Reporter.java:81)
at com.framework.utils.Reporter.reportStep(Reporter.java:108)
at com.framework.selenium.api.base.SeleniumBase.takeSnap(SeleniumBase.java:910)
at com.framework.utils.Reporter.reportStep(Reporter.java:81)
at com.framework.utils.Reporter.reportStep(Reporter.java:108)
at com.framework.selenium.api.base.SeleniumBase.takeSnap(SeleniumBase.java:910)
at com.framework.utils.Reporter.reportStep(Reporter.java:81)
at com.framework.utils.Reporter.reportStep(Reporter.java:108)
at com.framework.selenium.api.base.SeleniumBase.takeSnap(SeleniumBase.java:910)
at com.framework.utils.Reporter.reportStep(Reporter.java:81)
at com.framework.utils.Reporter.reportStep(Reporter.java:108)
at com.framework.selenium.api.base.SeleniumBase.takeSnap(SeleniumBase.java:910)
at com.framework.utils.Reporter.reportStep(Reporter.java:81)
at com.framework.utils.Reporter.reportStep(Reporter.java:108)
at com.framework.selenium.api.base.SeleniumBase.takeSnap(SeleniumBase.java:910)
at com.framework.utils.Reporter.reportStep(Reporter.java:81)
at com.framework.utils.Reporter.reportStep(Reporter.java:108)
at com.framework.selenium.api.base.SeleniumBase.takeSnap(SeleniumBase.java:910)
at com.framework.utils.Reporter.reportStep(Reporter.java:81)
at com.framework.utils.Reporter.reportStep(Reporter.java:108)
at com.framework.selenium.api.base.SeleniumBase.takeSnap(SeleniumBase.java:910)
at com.framework.utils.Reporter.reportStep(Reporter.java:81)
at com.framework.utils.Reporter.reportStep(Reporter.java:108)
at com.framework.selenium.api.base.SeleniumBase.takeSnap(SeleniumBase.java:910)
at com.framework.utils.Reporter.reportStep(Reporter.java:81)
at com.framework.utils.Reporter.reportStep(Reporter.java:108)
at com.framework.selenium.api.base.SeleniumBase.takeSnap(SeleniumBase.java:910)
at com.framework.utils.Reporter.reportStep(Reporter.java:81)
at com.framework.utils.Reporter.reportStep(Reporter.java:108)
at com.framework.selenium.api.base.SeleniumBase.takeSnap(SeleniumBase.java:910)
at com.framework.utils.Reporter.reportStep(Reporter.java:81)
at com.framework.utils.Reporter.reportStep(Reporter.java:108)
at com.framework.selenium.api.base.SeleniumBase.takeSnap(SeleniumBase.java:910)
at com.framework.utils.Reporter.reportStep(Reporter.java:81)
at com.framework.utils.Reporter.reportStep(Reporter.java:108)
at com.framework.selenium.api.base.SeleniumBase.takeSnap(SeleniumBase.java:910)
at com.framework.utils.Reporter.reportStep(Reporter.java:81)
at com.framework.utils.Reporter.reportStep(Reporter.java:108)
at com.framework.selenium.api.base.SeleniumBase.takeSnap(SeleniumBase.java:910)
at com.framework.utils.Reporter.reportStep(Reporter.java:81)
at com.framework.utils.Reporter.reportStep(Reporter.java:108)
at com.framework.selenium.api.base.SeleniumBase.takeSnap(SeleniumBase.java:910)
at com.framework.utils.Reporter.reportStep(Reporter.java:81)
at com.framework.utils.Reporter.reportStep(Reporter.java:108)
at com.framework.selenium.api.base.SeleniumBase.takeSnap(SeleniumBase.java:910)
at com.framework.utils.Reporter.reportStep(Reporter.java:81)
at com.framework.utils.Reporter.reportStep(Reporter.java:108)
at com.framework.selenium.api.base.SeleniumBase.takeSnap(SeleniumBase.java:910)
at com.framework.utils.Reporter.reportStep(Reporter.java:81)
at com.framework.utils.Reporter.reportStep(Reporter.java:108)
at com.framework.selenium.api.base.SeleniumBase.takeSnap(SeleniumBase.java:910)
at com.framework.utils.Reporter.reportStep(Reporter.java:81)
at com.framework.utils.Reporter.reportStep(Reporter.java:108)
at com.framework.selenium.api.base.SeleniumBase.takeSnap(SeleniumBase.java:910)
at com.framework.utils.Reporter.reportStep(Reporter.java:81)
at com.framework.utils.Reporter.reportStep(Reporter.java:108)
at com.framework.selenium.api.base.SeleniumBase.takeSnap(SeleniumBase.java:910)
at com.framework.utils.Reporter.reportStep(Reporter.java:81)
at com.framework.utils.Reporter.reportStep(Reporter.java:108)
at com.framework.selenium.api.base.SeleniumBase.takeSnap(SeleniumBase.java:910)
at com.framework.utils.Reporter.reportStep(Reporter.java:81)
at com.framework.utils.Reporter.reportStep(Reporter.java:108)
at com.framework.selenium.api.base.SeleniumBase.takeSnap(SeleniumBase.java:910)
at com.framework.utils.Reporter.reportStep(Reporter.java:81)
at com.framework.utils.Reporter.reportStep(Reporter.java:108)
at com.framework.selenium.api.base.SeleniumBase.takeSnap(SeleniumBase.java:910)
at com.framework.utils.Reporter.reportStep(Reporter.java:81)
at com.framework.utils.Reporter.reportStep(Reporter.java:108)
at com.framework.selenium.api.base.SeleniumBase.takeSnap(SeleniumBase.java:910)
at com.framework.utils.Reporter.reportStep(Reporter.java:81)
at com.framework.utils.Reporter.reportStep(Reporter.java:108)
at com.framework.selenium.api.base.SeleniumBase.takeSnap(SeleniumBase.java:910)
at com.framework.utils.Reporter.reportStep(Reporter.java:81)
at com.framework.utils.Reporter.reportStep(Reporter.java:108)
at com.framework.selenium.api.base.SeleniumBase.takeSnap(SeleniumBase.java:910)
at com.framework.utils.Reporter.reportStep(Reporter.java:81)
at com.framework.utils.Reporter.reportStep(Reporter.java:108)
at com.framework.selenium.api.base.SeleniumBase.takeSnap(SeleniumBase.java:910)
at com.framework.utils.Reporter.reportStep(Reporter.java:81)
at com.framework.utils.Reporter.reportStep(Reporter.java:108)
at com.framework.selenium.api.base.SeleniumBase.takeSnap(SeleniumBase.java:910)
at com.framework.utils.Reporter.reportStep(Reporter.java:81)
at com.framework.utils.Reporter.reportStep(Reporter.java:108)
at com.framework.selenium.api.base.SeleniumBase.takeSnap(SeleniumBase.java:910)
at com.framework.utils.Reporter.reportStep(Reporter.java:81)
at com.framework.utils.Reporter.reportStep(Reporter.java:108)
at com.framework.selenium.api.base.SeleniumBase.takeSnap(SeleniumBase.java:910)
at com.framework.utils.Reporter.reportStep(Reporter.java:81)
at com.framework.utils.Reporter.reportStep(Reporter.java:108)
at com.framework.selenium.api.base.SeleniumBase.takeSnap(SeleniumBase.java:910)
at com.framework.utils.Reporter.reportStep(Reporter.java:81)
at com.framework.utils.Reporter.reportStep(Reporter.java:108)
at com.framework.selenium.api.base.SeleniumBase.takeSnap(SeleniumBase.java:910)
at com.framework.utils.Reporter.reportStep(Reporter.java:81)
at com.framework.utils.Reporter.reportStep(Reporter.java:108)
at com.framework.selenium.api.base.SeleniumBase.takeSnap(SeleniumBase.java:910)
at com.framework.utils.Reporter.reportStep(Reporter.java:81)
at com.framework.utils.Reporter.reportStep(Reporter.java:108)
at com.framework.selenium.api.base.SeleniumBase.takeSnap(SeleniumBase.java:910)
at com.framework.utils.Reporter.reportStep(Reporter.java:81)
at com.framework.utils.Reporter.reportStep(Reporter.java:108)
at com.framework.selenium.api.base.SeleniumBase.takeSnap(SeleniumBase.java:910)
at com.framework.utils.Reporter.reportStep(Reporter.java:81)
at com.framework.utils.Reporter.reportStep(Reporter.java:108)
at com.framework.selenium.api.base.SeleniumBase.takeSnap(SeleniumBase.java:910)
at com.framework.utils.Reporter.reportStep(Reporter.java:81)
at com.framework.utils.Reporter.reportStep(Reporter.java:108)
at com.framework.selenium.api.base.SeleniumBase.takeSnap(SeleniumBase.java:910)
at com.framework.utils.Reporter.reportStep(Reporter.java:81)
at com.framework.utils.Reporter.reportStep(Reporter.java:108)
at com.framework.selenium.api.base.SeleniumBase.takeSnap(SeleniumBase.java:910)
at com.framework.utils.Reporter.reportStep(Reporter.java:81)
at com.framework.utils.Reporter.reportStep(Reporter.java:108)
at com.framework.selenium.api.base.SeleniumBase.takeSnap(SeleniumBase.java:910)
at com.framework.utils.Reporter.reportStep(Reporter.java:81)
at com.framework.utils.Reporter.reportStep(Reporter.java:108)
at com.framework.selenium.api.base.SeleniumBase.takeSnap(SeleniumBase.java:910)
at com.framework.utils.Reporter.reportStep(Reporter.java:81)
at com.framework.utils.Reporter.reportStep(Reporter.java:108)
at com.framework.selenium.api.base.SeleniumBase.takeSnap(SeleniumBase.java:910)
at com.framework.utils.Reporter.reportStep(Reporter.java:81)
at com.framework.utils.Reporter.reportStep(Reporter.java:108)
at com.framework.selenium.api.base.SeleniumBase.takeSnap(SeleniumBase.java:910)
at com.framework.utils.Reporter.reportStep(Reporter.java:81)
at com.framework.utils.Reporter.reportStep(Reporter.java:108)
at com.framework.selenium.api.base.SeleniumBase.takeSnap(SeleniumBase.java:910)
at com.framework.utils.Reporter.reportStep(Reporter.java:81)
at com.framework.utils.Reporter.reportStep(Reporter.java:108)
at com.framework.selenium.api.base.SeleniumBase.takeSnap(SeleniumBase.java:910)
at com.framework.utils.Reporter.reportStep(Reporter.java:81)
at com.framework.utils.Reporter.reportStep(Reporter.java:108)
at com.framework.selenium.api.base.SeleniumBase.takeSnap(SeleniumBase.java:910)
at com.framework.utils.Reporter.reportStep(Reporter.java:81)
at com.framework.utils.Reporter.reportStep(Reporter.java:108)
at com.framework.selenium.api.base.SeleniumBase.takeSnap(SeleniumBase.java:910)
at com.framework.utils.Reporter.reportStep(Reporter.java:81)
at com.framework.utils.Reporter.reportStep(Reporter.java:108)
at com.framework.selenium.api.base.SeleniumBase.takeSnap(SeleniumBase.java:910)
at com.framework.utils.Reporter.reportStep(Reporter.java:81)
at com.framework.utils.Reporter.reportStep(Reporter.java:108)
at com.framework.selenium.api.base.SeleniumBase.takeSnap(SeleniumBase.java:910)
at com.framework.utils.Reporter.reportStep(Reporter.java:81)
at com.framework.utils.Reporter.reportStep(Reporter.java:108)
at com.framework.selenium.api.base.SeleniumBase.takeSnap(SeleniumBase.java:910)
at com.framework.utils.Reporter.reportStep(Reporter.java:81)
at com.framework.utils.Reporter.reportStep(Reporter.java:108)
at com.framework.selenium.api.base.SeleniumBase.takeSnap(SeleniumBase.java:910)
at com.framework.utils.Reporter.reportStep(Reporter.java:81)
at com.framework.utils.Reporter.reportStep(Reporter.java:108)
at com.framework.selenium.api.base.SeleniumBase.takeSnap(SeleniumBase.java:910)
at com.framework.utils.Reporter.reportStep(Reporter.java:81)
at com.framework.utils.Reporter.reportStep(Reporter.java:108)
at com.framework.selenium.api.base.SeleniumBase.takeSnap(SeleniumBase.java:910)
at com.framework.utils.Reporter.reportStep(Reporter.java:81)
at com.framework.utils.Reporter.reportStep(Reporter.java:108)
at com.framework.selenium.api.base.SeleniumBase.takeSnap(SeleniumBase.java:910)
at com.framework.utils.Reporter.reportStep(Reporter.java:81)
at com.framework.utils.Reporter.reportStep(Reporter.java:108)
at com.framework.selenium.api.base.SeleniumBase.takeSnap(SeleniumBase.java:910)
at com.framework.utils.Reporter.reportStep(Reporter.java:81)
at com.framework.utils.Reporter.reportStep(Reporter.java:108)
at com.framework.selenium.api.base.SeleniumBase.takeSnap(SeleniumBase.java:910)
at com.framework.utils.Reporter.reportStep(Reporter.java:81)
at com.framework.utils.Reporter.reportStep(Reporter.java:108)
at com.framework.selenium.api.base.SeleniumBase.takeSnap(SeleniumBase.java:910)
at com.framework.utils.Reporter.reportStep(Reporter.java:81)
at com.framework.utils.Reporter.reportStep(Reporter.java:108)
at com.framework.selenium.api.base.SeleniumBase.takeSnap(SeleniumBase.java:910)
at com.framework.utils.Reporter.reportStep(Reporter.java:81)
at com.framework.utils.Reporter.reportStep(Reporter.java:108)
at com.framework.selenium.api.base.SeleniumBase.takeSnap(SeleniumBase.java:910)
at com.framework.utils.Reporter.reportStep(Reporter.java:81)
at com.framework.utils.Reporter.reportStep(Reporter.java:108)
at com.framework.selenium.api.base.SeleniumBase.takeSnap(SeleniumBase.java:910)
at com.framework.utils.Reporter.reportStep(Reporter.java:81)
at com.framework.utils.Reporter.reportStep(Reporter.java:108)
at com.framework.selenium.api.base.SeleniumBase.takeSnap(SeleniumBase.java:910)
at com.framework.utils.Reporter.reportStep(Reporter.java:81)
at com.framework.utils.Reporter.reportStep(Reporter.java:108)
at com.framework.selenium.api.base.SeleniumBase.takeSnap(SeleniumBase.java:910)
at com.framework.utils.Reporter.reportStep(Reporter.java:81)
at com.framework.utils.Reporter.reportStep(Reporter.java:108)
at com.framework.selenium.api.base.SeleniumBase.takeSnap(SeleniumBase.java:910)
at com.framework.utils.Reporter.reportStep(Reporter.java:81)
at com.framework.utils.Reporter.reportStep(Reporter.java:108)
at com.framework.selenium.api.base.SeleniumBase.takeSnap(SeleniumBase.java:910)
at com.framework.utils.Reporter.reportStep(Reporter.java:81)
at com.framework.utils.Reporter.reportStep(Reporter.java:108)
at com.framework.selenium.api.base.SeleniumBase.takeSnap(SeleniumBase.java:910)
at com.framework.utils.Reporter.reportStep(Reporter.java:81)
at com.framework.utils.Reporter.reportStep(Reporter.java:108)
at com.framework.selenium.api.base.SeleniumBase.takeSnap(SeleniumBase.java:910)
at com.framework.utils.Reporter.reportStep(Reporter.java:81)
at com.framework.utils.Reporter.reportStep(Reporter.java:108)
at com.framework.selenium.api.base.SeleniumBase.takeSnap(SeleniumBase.java:910)
at com.framework.utils.Reporter.reportStep(Reporter.java:81)
at com.framework.utils.Reporter.reportStep(Reporter.java:108)
at com.framework.selenium.api.base.SeleniumBase.takeSnap(SeleniumBase.java:910)
at com.framework.utils.Reporter.reportStep(Reporter.java:81)
at com.framework.utils.Reporter.reportStep(Reporter.java:108)
at com.framework.selenium.api.base.SeleniumBase.takeSnap(SeleniumBase.java:910)
at com.framework.utils.Reporter.reportStep(Reporter.java:81)
at com.framework.utils.Reporter.reportStep(Reporter.java:108)
at com.framework.selenium.api.base.SeleniumBase.takeSnap(SeleniumBase.java:910)
at com.framework.utils.Reporter.reportStep(Reporter.java:81)
at com.framework.utils.Reporter.reportStep(Reporter.java:108)
at com.framework.selenium.api.base.SeleniumBase.takeSnap(SeleniumBase.java:910)
at com.framework.utils.Reporter.reportStep(Reporter.java:81)
at com.framework.utils.Reporter.reportStep(Reporter.java:108)
at com.framework.selenium.api.base.SeleniumBase.takeSnap(SeleniumBase.java:910)
at com.framework.utils.Reporter.reportStep(Reporter.java:81)
at com.framework.utils.Reporter.reportStep(Reporter.java:108)
at com.framework.selenium.api.base.SeleniumBase.takeSnap(SeleniumBase.java:910)
at com.framework.utils.Reporter.reportStep(Reporter.java:81)
at com.framework.utils.Reporter.reportStep(Reporter.java:108)
at com.framework.selenium.api.base.SeleniumBase.takeSnap(SeleniumBase.java:910)
at com.framework.utils.Reporter.reportStep(Reporter.java:81)
at com.framework.utils.Reporter.reportStep(Reporter.java:108)
at com.framework.selenium.api.base.SeleniumBase.takeSnap(SeleniumBase.java:910)
at com.framework.utils.Reporter.reportStep(Reporter.java:81)
at com.framework.utils.Reporter.reportStep(Reporter.java:108)
at com.framework.selenium.api.base.SeleniumBase.takeSnap(SeleniumBase.java:910)
at com.framework.utils.Reporter.reportStep(Reporter.java:81)
at com.framework.utils.Reporter.reportStep(Reporter.java:108)
at com.framework.selenium.api.base.SeleniumBase.takeSnap(SeleniumBase.java:910)
at com.framework.utils.Reporter.reportStep(Reporter.java:81)
at com.framework.utils.Reporter.reportStep(Reporter.java:108)
at com.framework.selenium.api.base.SeleniumBase.takeSnap(SeleniumBase.java:910)
at com.framework.utils.Reporter.reportStep(Reporter.java:81)
at com.framework.utils.Reporter.reportStep(Reporter.java:108)
at com.framework.selenium.api.base.SeleniumBase.takeSnap(SeleniumBase.java:910)
at com.framework.utils.Reporter.reportStep(Reporter.java:81)
at com.framework.utils.Reporter.reportStep(Reporter.java:108)
at com.framework.selenium.api.base.SeleniumBase.takeSnap(SeleniumBase.java:910)
at com.framework.utils.Reporter.reportStep(Reporter.java:81)
at com.framework.utils.Reporter.reportStep(Reporter.java:108)
at com.framework.selenium.api.base.SeleniumBase.takeSnap(SeleniumBase.java:910)
at com.framework.utils.Reporter.reportStep(Reporter.java:81)
at com.framework.utils.Reporter.reportStep(Reporter.java:108)
at com.framework.selenium.api.base.SeleniumBase.takeSnap(SeleniumBase.java:910)
at com.framework.utils.Reporter.reportStep(Reporter.java:81)
at com.framework.utils.Reporter.reportStep(Reporter.java:108)
at com.framework.selenium.api.base.SeleniumBase.takeSnap(SeleniumBase.java:910)
at com.framework.utils.Reporter.reportStep(Reporter.java:81)
at com.framework.utils.Reporter.reportStep(Reporter.java:108)
at com.framework.selenium.api.base.SeleniumBase.takeSnap(SeleniumBase.java:910)
at com.framework.utils.Reporter.reportStep(Reporter.java:81)
at com.framework.utils.Reporter.reportStep(Reporter.java:108)
at com.framework.selenium.api.base.SeleniumBase.takeSnap(SeleniumBase.java:910)
at com.framework.utils.Reporter.reportStep(Reporter.java:81)
at com.framework.utils.Reporter.reportStep(Reporter.java:108)
at com.framework.selenium.api.base.SeleniumBase.takeSnap(SeleniumBase.java:910)
at com.framework.utils.Reporter.reportStep(Reporter.java:81)
at com.framework.utils.Reporter.reportStep(Reporter.java:108)
at com.framework.selenium.api.base.SeleniumBase.takeSnap(SeleniumBase.java:910)
at com.framework.utils.Reporter.reportStep(Reporter.java:81)
at com.framework.utils.Reporter.reportStep(Reporter.java:108)
at com.framework.selenium.api.base.SeleniumBase.takeSnap(SeleniumBase.java:910)
at com.framework.utils.Reporter.reportStep(Reporter.java:81)
at com.framework.utils.Reporter.reportStep(Reporter.java:108)
at com.framework.selenium.api.base.SeleniumBase.takeSnap(SeleniumBase.java:910)
at com.framework.utils.Reporter.reportStep(Reporter.java:81)
at com.framework.utils.Reporter.reportStep(Reporter.java:108)
at com.framework.selenium.api.base.SeleniumBase.takeSnap(SeleniumBase.java:910)
at com.framework.utils.Reporter.reportStep(Reporter.java:81)
at com.framework.utils.Reporter.reportStep(Reporter.java:108)
at com.framework.selenium.api.base.SeleniumBase.takeSnap(SeleniumBase.java:910)
at com.framework.utils.Reporter.reportStep(Reporter.java:81)
at com.framework.utils.Reporter.reportStep(Reporter.java:108)
at com.framework.selenium.api.base.SeleniumBase.takeSnap(SeleniumBase.java:910)
at com.framework.utils.Reporter.reportStep(Reporter.java:81)
at com.framework.utils.Reporter.reportStep(Reporter.java:108)
at com.framework.selenium.api.base.SeleniumBase.takeSnap(SeleniumBase.java:910)
]]>
            </full-stacktrace>
          </exception> <!-- java.lang.StackOverflowError -->
          <reporter-output>
          </reporter-output>
        </test-method> <!-- preCondition -->
        <test-method signature="runLogin(java.lang.String,java.lang.String)[pri:0, instance:com.salesforce.testcases.TC001_VerifyLogin@536f2a7e]" started-at="2024-10-10T19:46:54 IST" name="runLogin" data-provider="fetchData" finished-at="2024-10-10T19:46:54 IST" duration-ms="0" status="SKIP">
          <params>
            <param index="0">
              <value>
                <![CDATA[hari.radhakrishnan@qeagle.com]]>
              </value>
            </param>
            <param index="1">
              <value>
                <![CDATA[Leaf@1234]]>
              </value>
            </param>
          </params>
          <exception class="java.lang.StackOverflowError">
            <full-stacktrace>
              <![CDATA[java.lang.StackOverflowError
at com.framework.selenium.api.base.SeleniumBase.takeSnap(SeleniumBase.java:903)
at com.framework.utils.Reporter.reportStep(Reporter.java:81)
at com.framework.utils.Reporter.reportStep(Reporter.java:108)
at com.framework.selenium.api.base.SeleniumBase.takeSnap(SeleniumBase.java:910)
at com.framework.utils.Reporter.reportStep(Reporter.java:81)
at com.framework.utils.Reporter.reportStep(Reporter.java:108)
at com.framework.selenium.api.base.SeleniumBase.takeSnap(SeleniumBase.java:910)
at com.framework.utils.Reporter.reportStep(Reporter.java:81)
at com.framework.utils.Reporter.reportStep(Reporter.java:108)
at com.framework.selenium.api.base.SeleniumBase.takeSnap(SeleniumBase.java:910)
at com.framework.utils.Reporter.reportStep(Reporter.java:81)
at com.framework.utils.Reporter.reportStep(Reporter.java:108)
at com.framework.selenium.api.base.SeleniumBase.takeSnap(SeleniumBase.java:910)
at com.framework.utils.Reporter.reportStep(Reporter.java:81)
at com.framework.utils.Reporter.reportStep(Reporter.java:108)
at com.framework.selenium.api.base.SeleniumBase.takeSnap(SeleniumBase.java:910)
at com.framework.utils.Reporter.reportStep(Reporter.java:81)
at com.framework.utils.Reporter.reportStep(Reporter.java:108)
at com.framework.selenium.api.base.SeleniumBase.takeSnap(SeleniumBase.java:910)
at com.framework.utils.Reporter.reportStep(Reporter.java:81)
at com.framework.utils.Reporter.reportStep(Reporter.java:108)
at com.framework.selenium.api.base.SeleniumBase.takeSnap(SeleniumBase.java:910)
at com.framework.utils.Reporter.reportStep(Reporter.java:81)
at com.framework.utils.Reporter.reportStep(Reporter.java:108)
at com.framework.selenium.api.base.SeleniumBase.takeSnap(SeleniumBase.java:910)
at com.framework.utils.Reporter.reportStep(Reporter.java:81)
at com.framework.utils.Reporter.reportStep(Reporter.java:108)
at com.framework.selenium.api.base.SeleniumBase.takeSnap(SeleniumBase.java:910)
at com.framework.utils.Reporter.reportStep(Reporter.java:81)
at com.framework.utils.Reporter.reportStep(Reporter.java:108)
at com.framework.selenium.api.base.SeleniumBase.takeSnap(SeleniumBase.java:910)
at com.framework.utils.Reporter.reportStep(Reporter.java:81)
at com.framework.utils.Reporter.reportStep(Reporter.java:108)
at com.framework.selenium.api.base.SeleniumBase.takeSnap(SeleniumBase.java:910)
at com.framework.utils.Reporter.reportStep(Reporter.java:81)
at com.framework.utils.Reporter.reportStep(Reporter.java:108)
at com.framework.selenium.api.base.SeleniumBase.takeSnap(SeleniumBase.java:910)
at com.framework.utils.Reporter.reportStep(Reporter.java:81)
at com.framework.utils.Reporter.reportStep(Reporter.java:108)
at com.framework.selenium.api.base.SeleniumBase.takeSnap(SeleniumBase.java:910)
at com.framework.utils.Reporter.reportStep(Reporter.java:81)
at com.framework.utils.Reporter.reportStep(Reporter.java:108)
at com.framework.selenium.api.base.SeleniumBase.takeSnap(SeleniumBase.java:910)
at com.framework.utils.Reporter.reportStep(Reporter.java:81)
at com.framework.utils.Reporter.reportStep(Reporter.java:108)
at com.framework.selenium.api.base.SeleniumBase.takeSnap(SeleniumBase.java:910)
at com.framework.utils.Reporter.reportStep(Reporter.java:81)
at com.framework.utils.Reporter.reportStep(Reporter.java:108)
at com.framework.selenium.api.base.SeleniumBase.takeSnap(SeleniumBase.java:910)
at com.framework.utils.Reporter.reportStep(Reporter.java:81)
at com.framework.utils.Reporter.reportStep(Reporter.java:108)
at com.framework.selenium.api.base.SeleniumBase.takeSnap(SeleniumBase.java:910)
at com.framework.utils.Reporter.reportStep(Reporter.java:81)
at com.framework.utils.Reporter.reportStep(Reporter.java:108)
at com.framework.selenium.api.base.SeleniumBase.takeSnap(SeleniumBase.java:910)
at com.framework.utils.Reporter.reportStep(Reporter.java:81)
at com.framework.utils.Reporter.reportStep(Reporter.java:108)
at com.framework.selenium.api.base.SeleniumBase.takeSnap(SeleniumBase.java:910)
at com.framework.utils.Reporter.reportStep(Reporter.java:81)
at com.framework.utils.Reporter.reportStep(Reporter.java:108)
at com.framework.selenium.api.base.SeleniumBase.takeSnap(SeleniumBase.java:910)
at com.framework.utils.Reporter.reportStep(Reporter.java:81)
at com.framework.utils.Reporter.reportStep(Reporter.java:108)
at com.framework.selenium.api.base.SeleniumBase.takeSnap(SeleniumBase.java:910)
at com.framework.utils.Reporter.reportStep(Reporter.java:81)
at com.framework.utils.Reporter.reportStep(Reporter.java:108)
at com.framework.selenium.api.base.SeleniumBase.takeSnap(SeleniumBase.java:910)
at com.framework.utils.Reporter.reportStep(Reporter.java:81)
at com.framework.utils.Reporter.reportStep(Reporter.java:108)
at com.framework.selenium.api.base.SeleniumBase.takeSnap(SeleniumBase.java:910)
at com.framework.utils.Reporter.reportStep(Reporter.java:81)
at com.framework.utils.Reporter.reportStep(Reporter.java:108)
at com.framework.selenium.api.base.SeleniumBase.takeSnap(SeleniumBase.java:910)
at com.framework.utils.Reporter.reportStep(Reporter.java:81)
at com.framework.utils.Reporter.reportStep(Reporter.java:108)
at com.framework.selenium.api.base.SeleniumBase.takeSnap(SeleniumBase.java:910)
at com.framework.utils.Reporter.reportStep(Reporter.java:81)
at com.framework.utils.Reporter.reportStep(Reporter.java:108)
at com.framework.selenium.api.base.SeleniumBase.takeSnap(SeleniumBase.java:910)
at com.framework.utils.Reporter.reportStep(Reporter.java:81)
at com.framework.utils.Reporter.reportStep(Reporter.java:108)
at com.framework.selenium.api.base.SeleniumBase.takeSnap(SeleniumBase.java:910)
at com.framework.utils.Reporter.reportStep(Reporter.java:81)
at com.framework.utils.Reporter.reportStep(Reporter.java:108)
at com.framework.selenium.api.base.SeleniumBase.takeSnap(SeleniumBase.java:910)
at com.framework.utils.Reporter.reportStep(Reporter.java:81)
at com.framework.utils.Reporter.reportStep(Reporter.java:108)
at com.framework.selenium.api.base.SeleniumBase.takeSnap(SeleniumBase.java:910)
at com.framework.utils.Reporter.reportStep(Reporter.java:81)
at com.framework.utils.Reporter.reportStep(Reporter.java:108)
at com.framework.selenium.api.base.SeleniumBase.takeSnap(SeleniumBase.java:910)
at com.framework.utils.Reporter.reportStep(Reporter.java:81)
at com.framework.utils.Reporter.reportStep(Reporter.java:108)
at com.framework.selenium.api.base.SeleniumBase.takeSnap(SeleniumBase.java:910)
at com.framework.utils.Reporter.reportStep(Reporter.java:81)
at com.framework.utils.Reporter.reportStep(Reporter.java:108)
at com.framework.selenium.api.base.SeleniumBase.takeSnap(SeleniumBase.java:910)
at com.framework.utils.Reporter.reportStep(Reporter.java:81)
at com.framework.utils.Reporter.reportStep(Reporter.java:108)
at com.framework.selenium.api.base.SeleniumBase.takeSnap(SeleniumBase.java:910)
at com.framework.utils.Reporter.reportStep(Reporter.java:81)
at com.framework.utils.Reporter.reportStep(Reporter.java:108)
at com.framework.selenium.api.base.SeleniumBase.takeSnap(SeleniumBase.java:910)
at com.framework.utils.Reporter.reportStep(Reporter.java:81)
[...]
at com.framework.selenium.api.base.SeleniumBase.takeSnap(SeleniumBase.java:910)
at com.framework.utils.Reporter.reportStep(Reporter.java:81)
at com.framework.utils.Reporter.reportStep(Reporter.java:108)
at com.framework.selenium.api.base.SeleniumBase.takeSnap(SeleniumBase.java:910)
at com.framework.utils.Reporter.reportStep(Reporter.java:81)
at com.framework.utils.Reporter.reportStep(Reporter.java:108)
at com.framework.selenium.api.base.SeleniumBase.takeSnap(SeleniumBase.java:910)
at com.framework.utils.Reporter.reportStep(Reporter.java:81)
at com.framework.utils.Reporter.reportStep(Reporter.java:108)
at com.framework.selenium.api.base.SeleniumBase.takeSnap(SeleniumBase.java:910)
at com.framework.utils.Reporter.reportStep(Reporter.java:81)
at com.framework.utils.Reporter.reportStep(Reporter.java:108)
at com.framework.selenium.api.base.SeleniumBase.takeSnap(SeleniumBase.java:910)
at com.framework.utils.Reporter.reportStep(Reporter.java:81)
at com.framework.utils.Reporter.reportStep(Reporter.java:108)
at com.framework.selenium.api.base.SeleniumBase.takeSnap(SeleniumBase.java:910)
at com.framework.utils.Reporter.reportStep(Reporter.java:81)
at com.framework.utils.Reporter.reportStep(Reporter.java:108)
at com.framework.selenium.api.base.SeleniumBase.takeSnap(SeleniumBase.java:910)
at com.framework.utils.Reporter.reportStep(Reporter.java:81)
at com.framework.utils.Reporter.reportStep(Reporter.java:108)
at com.framework.selenium.api.base.SeleniumBase.takeSnap(SeleniumBase.java:910)
at com.framework.utils.Reporter.reportStep(Reporter.java:81)
at com.framework.utils.Reporter.reportStep(Reporter.java:108)
at com.framework.selenium.api.base.SeleniumBase.takeSnap(SeleniumBase.java:910)
at com.framework.utils.Reporter.reportStep(Reporter.java:81)
at com.framework.utils.Reporter.reportStep(Reporter.java:108)
at com.framework.selenium.api.base.SeleniumBase.takeSnap(SeleniumBase.java:910)
at com.framework.utils.Reporter.reportStep(Reporter.java:81)
at com.framework.utils.Reporter.reportStep(Reporter.java:108)
at com.framework.selenium.api.base.SeleniumBase.takeSnap(SeleniumBase.java:910)
at com.framework.utils.Reporter.reportStep(Reporter.java:81)
at com.framework.utils.Reporter.reportStep(Reporter.java:108)
at com.framework.selenium.api.base.SeleniumBase.takeSnap(SeleniumBase.java:910)
at com.framework.utils.Reporter.reportStep(Reporter.java:81)
at com.framework.utils.Reporter.reportStep(Reporter.java:108)
at com.framework.selenium.api.base.SeleniumBase.takeSnap(SeleniumBase.java:910)
at com.framework.utils.Reporter.reportStep(Reporter.java:81)
at com.framework.utils.Reporter.reportStep(Reporter.java:108)
at com.framework.selenium.api.base.SeleniumBase.takeSnap(SeleniumBase.java:910)
at com.framework.utils.Reporter.reportStep(Reporter.java:81)
at com.framework.utils.Reporter.reportStep(Reporter.java:108)
at com.framework.selenium.api.base.SeleniumBase.takeSnap(SeleniumBase.java:910)
at com.framework.utils.Reporter.reportStep(Reporter.java:81)
at com.framework.utils.Reporter.reportStep(Reporter.java:108)
at com.framework.selenium.api.base.SeleniumBase.takeSnap(SeleniumBase.java:910)
at com.framework.utils.Reporter.reportStep(Reporter.java:81)
at com.framework.utils.Reporter.reportStep(Reporter.java:108)
at com.framework.selenium.api.base.SeleniumBase.takeSnap(SeleniumBase.java:910)
at com.framework.utils.Reporter.reportStep(Reporter.java:81)
at com.framework.utils.Reporter.reportStep(Reporter.java:108)
at com.framework.selenium.api.base.SeleniumBase.takeSnap(SeleniumBase.java:910)
at com.framework.utils.Reporter.reportStep(Reporter.java:81)
at com.framework.utils.Reporter.reportStep(Reporter.java:108)
at com.framework.selenium.api.base.SeleniumBase.takeSnap(SeleniumBase.java:910)
at com.framework.utils.Reporter.reportStep(Reporter.java:81)
at com.framework.utils.Reporter.reportStep(Reporter.java:108)
at com.framework.selenium.api.base.SeleniumBase.takeSnap(SeleniumBase.java:910)
at com.framework.utils.Reporter.reportStep(Reporter.java:81)
at com.framework.utils.Reporter.reportStep(Reporter.java:108)
at com.framework.selenium.api.base.SeleniumBase.takeSnap(SeleniumBase.java:910)
at com.framework.utils.Reporter.reportStep(Reporter.java:81)
at com.framework.utils.Reporter.reportStep(Reporter.java:108)
at com.framework.selenium.api.base.SeleniumBase.takeSnap(SeleniumBase.java:910)
at com.framework.utils.Reporter.reportStep(Reporter.java:81)
at com.framework.utils.Reporter.reportStep(Reporter.java:108)
at com.framework.selenium.api.base.SeleniumBase.takeSnap(SeleniumBase.java:910)
at com.framework.utils.Reporter.reportStep(Reporter.java:81)
at com.framework.utils.Reporter.reportStep(Reporter.java:108)
at com.framework.selenium.api.base.SeleniumBase.takeSnap(SeleniumBase.java:910)
at com.framework.utils.Reporter.reportStep(Reporter.java:81)
at com.framework.utils.Reporter.reportStep(Reporter.java:108)
at com.framework.selenium.api.base.SeleniumBase.takeSnap(SeleniumBase.java:910)
at com.framework.utils.Reporter.reportStep(Reporter.java:81)
at com.framework.utils.Reporter.reportStep(Reporter.java:108)
at com.framework.selenium.api.base.SeleniumBase.takeSnap(SeleniumBase.java:910)
at com.framework.utils.Reporter.reportStep(Reporter.java:81)
at com.framework.utils.Reporter.reportStep(Reporter.java:108)
at com.framework.selenium.api.base.SeleniumBase.takeSnap(SeleniumBase.java:910)
at com.framework.utils.Reporter.reportStep(Reporter.java:81)
at com.framework.utils.Reporter.reportStep(Reporter.java:108)
at com.framework.selenium.api.base.SeleniumBase.takeSnap(SeleniumBase.java:910)
at com.framework.utils.Reporter.reportStep(Reporter.java:81)
at com.framework.utils.Reporter.reportStep(Reporter.java:108)
at com.framework.selenium.api.base.SeleniumBase.takeSnap(SeleniumBase.java:910)
at com.framework.utils.Reporter.reportStep(Reporter.java:81)
at com.framework.utils.Reporter.reportStep(Reporter.java:108)
at com.framework.selenium.api.base.SeleniumBase.takeSnap(SeleniumBase.java:910)
at com.framework.utils.Reporter.reportStep(Reporter.java:81)
at com.framework.utils.Reporter.reportStep(Reporter.java:108)
at com.framework.selenium.api.base.SeleniumBase.takeSnap(SeleniumBase.java:910)
at com.framework.utils.Reporter.reportStep(Reporter.java:81)
at com.framework.utils.Reporter.reportStep(Reporter.java:108)
at com.framework.selenium.api.base.SeleniumBase.takeSnap(SeleniumBase.java:910)
at com.framework.utils.Reporter.reportStep(Reporter.java:81)
at com.framework.utils.Reporter.reportStep(Reporter.java:108)
at com.framework.selenium.api.base.SeleniumBase.takeSnap(SeleniumBase.java:910)
at com.framework.utils.Reporter.reportStep(Reporter.java:81)
at com.framework.utils.Reporter.reportStep(Reporter.java:108)
at com.framework.selenium.api.base.SeleniumBase.takeSnap(SeleniumBase.java:910)
at com.framework.utils.Reporter.reportStep(Reporter.java:81)
at com.framework.utils.Reporter.reportStep(Reporter.java:108)
at com.framework.selenium.api.base.SeleniumBase.takeSnap(SeleniumBase.java:910)
at com.framework.utils.Reporter.reportStep(Reporter.java:81)
at com.framework.utils.Reporter.reportStep(Reporter.java:108)
at com.framework.selenium.api.base.SeleniumBase.takeSnap(SeleniumBase.java:910)
at com.framework.utils.Reporter.reportStep(Reporter.java:81)
at com.framework.utils.Reporter.reportStep(Reporter.java:108)
at com.framework.selenium.api.base.SeleniumBase.takeSnap(SeleniumBase.java:910)
at com.framework.utils.Reporter.reportStep(Reporter.java:81)
at com.framework.utils.Reporter.reportStep(Reporter.java:108)
at com.framework.selenium.api.base.SeleniumBase.takeSnap(SeleniumBase.java:910)
at com.framework.utils.Reporter.reportStep(Reporter.java:81)
at com.framework.utils.Reporter.reportStep(Reporter.java:108)
at com.framework.selenium.api.base.SeleniumBase.takeSnap(SeleniumBase.java:910)
at com.framework.utils.Reporter.reportStep(Reporter.java:81)
at com.framework.utils.Reporter.reportStep(Reporter.java:108)
at com.framework.selenium.api.base.SeleniumBase.takeSnap(SeleniumBase.java:910)
at com.framework.utils.Reporter.reportStep(Reporter.java:81)
at com.framework.utils.Reporter.reportStep(Reporter.java:108)
at com.framework.selenium.api.base.SeleniumBase.takeSnap(SeleniumBase.java:910)
at com.framework.utils.Reporter.reportStep(Reporter.java:81)
at com.framework.utils.Reporter.reportStep(Reporter.java:108)
at com.framework.selenium.api.base.SeleniumBase.takeSnap(SeleniumBase.java:910)
at com.framework.utils.Reporter.reportStep(Reporter.java:81)
at com.framework.utils.Reporter.reportStep(Reporter.java:108)
at com.framework.selenium.api.base.SeleniumBase.takeSnap(SeleniumBase.java:910)
at com.framework.utils.Reporter.reportStep(Reporter.java:81)
at com.framework.utils.Reporter.reportStep(Reporter.java:108)
at com.framework.selenium.api.base.SeleniumBase.takeSnap(SeleniumBase.java:910)
at com.framework.utils.Reporter.reportStep(Reporter.java:81)
at com.framework.utils.Reporter.reportStep(Reporter.java:108)
at com.framework.selenium.api.base.SeleniumBase.takeSnap(SeleniumBase.java:910)
at com.framework.utils.Reporter.reportStep(Reporter.java:81)
at com.framework.utils.Reporter.reportStep(Reporter.java:108)
at com.framework.selenium.api.base.SeleniumBase.takeSnap(SeleniumBase.java:910)
at com.framework.utils.Reporter.reportStep(Reporter.java:81)
at com.framework.utils.Reporter.reportStep(Reporter.java:108)
at com.framework.selenium.api.base.SeleniumBase.takeSnap(SeleniumBase.java:910)
at com.framework.utils.Reporter.reportStep(Reporter.java:81)
at com.framework.utils.Reporter.reportStep(Reporter.java:108)
at com.framework.selenium.api.base.SeleniumBase.takeSnap(SeleniumBase.java:910)
at com.framework.utils.Reporter.reportStep(Reporter.java:81)
at com.framework.utils.Reporter.reportStep(Reporter.java:108)
at com.framework.selenium.api.base.SeleniumBase.takeSnap(SeleniumBase.java:910)
at com.framework.utils.Reporter.reportStep(Reporter.java:81)
at com.framework.utils.Reporter.reportStep(Reporter.java:108)
at com.framework.selenium.api.base.SeleniumBase.takeSnap(SeleniumBase.java:910)
at com.framework.utils.Reporter.reportStep(Reporter.java:81)
at com.framework.utils.Reporter.reportStep(Reporter.java:108)
at com.framework.selenium.api.base.SeleniumBase.takeSnap(SeleniumBase.java:910)
at com.framework.utils.Reporter.reportStep(Reporter.java:81)
at com.framework.utils.Reporter.reportStep(Reporter.java:108)
at com.framework.selenium.api.base.SeleniumBase.takeSnap(SeleniumBase.java:910)
at com.framework.utils.Reporter.reportStep(Reporter.java:81)
at com.framework.utils.Reporter.reportStep(Reporter.java:108)
at com.framework.selenium.api.base.SeleniumBase.takeSnap(SeleniumBase.java:910)
at com.framework.utils.Reporter.reportStep(Reporter.java:81)
at com.framework.utils.Reporter.reportStep(Reporter.java:108)
at com.framework.selenium.api.base.SeleniumBase.takeSnap(SeleniumBase.java:910)
at com.framework.utils.Reporter.reportStep(Reporter.java:81)
at com.framework.utils.Reporter.reportStep(Reporter.java:108)
at com.framework.selenium.api.base.SeleniumBase.takeSnap(SeleniumBase.java:910)
at com.framework.utils.Reporter.reportStep(Reporter.java:81)
at com.framework.utils.Reporter.reportStep(Reporter.java:108)
at com.framework.selenium.api.base.SeleniumBase.takeSnap(SeleniumBase.java:910)
at com.framework.utils.Reporter.reportStep(Reporter.java:81)
at com.framework.utils.Reporter.reportStep(Reporter.java:108)
at com.framework.selenium.api.base.SeleniumBase.takeSnap(SeleniumBase.java:910)
at com.framework.utils.Reporter.reportStep(Reporter.java:81)
at com.framework.utils.Reporter.reportStep(Reporter.java:108)
at com.framework.selenium.api.base.SeleniumBase.takeSnap(SeleniumBase.java:910)
at com.framework.utils.Reporter.reportStep(Reporter.java:81)
at com.framework.utils.Reporter.reportStep(Reporter.java:108)
at com.framework.selenium.api.base.SeleniumBase.takeSnap(SeleniumBase.java:910)
at com.framework.utils.Reporter.reportStep(Reporter.java:81)
at com.framework.utils.Reporter.reportStep(Reporter.java:108)
at com.framework.selenium.api.base.SeleniumBase.takeSnap(SeleniumBase.java:910)
at com.framework.utils.Reporter.reportStep(Reporter.java:81)
at com.framework.utils.Reporter.reportStep(Reporter.java:108)
at com.framework.selenium.api.base.SeleniumBase.takeSnap(SeleniumBase.java:910)
at com.framework.utils.Reporter.reportStep(Reporter.java:81)
at com.framework.utils.Reporter.reportStep(Reporter.java:108)
at com.framework.selenium.api.base.SeleniumBase.takeSnap(SeleniumBase.java:910)
at com.framework.utils.Reporter.reportStep(Reporter.java:81)
at com.framework.utils.Reporter.reportStep(Reporter.java:108)
at com.framework.selenium.api.base.SeleniumBase.takeSnap(SeleniumBase.java:910)
at com.framework.utils.Reporter.reportStep(Reporter.java:81)
at com.framework.utils.Reporter.reportStep(Reporter.java:108)
at com.framework.selenium.api.base.SeleniumBase.takeSnap(SeleniumBase.java:910)
at com.framework.utils.Reporter.reportStep(Reporter.java:81)
at com.framework.utils.Reporter.reportStep(Reporter.java:108)
at com.framework.selenium.api.base.SeleniumBase.takeSnap(SeleniumBase.java:910)
at com.framework.utils.Reporter.reportStep(Reporter.java:81)
at com.framework.utils.Reporter.reportStep(Reporter.java:108)
at com.framework.selenium.api.base.SeleniumBase.takeSnap(SeleniumBase.java:910)
at com.framework.utils.Reporter.reportStep(Reporter.java:81)
at com.framework.utils.Reporter.reportStep(Reporter.java:108)
at com.framework.selenium.api.base.SeleniumBase.takeSnap(SeleniumBase.java:910)
at com.framework.utils.Reporter.reportStep(Reporter.java:81)
at com.framework.utils.Reporter.reportStep(Reporter.java:108)
at com.framework.selenium.api.base.SeleniumBase.takeSnap(SeleniumBase.java:910)
at com.framework.utils.Reporter.reportStep(Reporter.java:81)
at com.framework.utils.Reporter.reportStep(Reporter.java:108)
at com.framework.selenium.api.base.SeleniumBase.takeSnap(SeleniumBase.java:910)
at com.framework.utils.Reporter.reportStep(Reporter.java:81)
at com.framework.utils.Reporter.reportStep(Reporter.java:108)
at com.framework.selenium.api.base.SeleniumBase.takeSnap(SeleniumBase.java:910)
at com.framework.utils.Reporter.reportStep(Reporter.java:81)
at com.framework.utils.Reporter.reportStep(Reporter.java:108)
at com.framework.selenium.api.base.SeleniumBase.takeSnap(SeleniumBase.java:910)
at com.framework.utils.Reporter.reportStep(Reporter.java:81)
at com.framework.utils.Reporter.reportStep(Reporter.java:108)
at com.framework.selenium.api.base.SeleniumBase.takeSnap(SeleniumBase.java:910)
at com.framework.utils.Reporter.reportStep(Reporter.java:81)
at com.framework.utils.Reporter.reportStep(Reporter.java:108)
at com.framework.selenium.api.base.SeleniumBase.takeSnap(SeleniumBase.java:910)
at com.framework.utils.Reporter.reportStep(Reporter.java:81)
at com.framework.utils.Reporter.reportStep(Reporter.java:108)
at com.framework.selenium.api.base.SeleniumBase.takeSnap(SeleniumBase.java:910)
at com.framework.utils.Reporter.reportStep(Reporter.java:81)
at com.framework.utils.Reporter.reportStep(Reporter.java:108)
at com.framework.selenium.api.base.SeleniumBase.takeSnap(SeleniumBase.java:910)
at com.framework.utils.Reporter.reportStep(Reporter.java:81)
at com.framework.utils.Reporter.reportStep(Reporter.java:108)
at com.framework.selenium.api.base.SeleniumBase.takeSnap(SeleniumBase.java:910)
at com.framework.utils.Reporter.reportStep(Reporter.java:81)
at com.framework.utils.Reporter.reportStep(Reporter.java:108)
at com.framework.selenium.api.base.SeleniumBase.takeSnap(SeleniumBase.java:910)
at com.framework.utils.Reporter.reportStep(Reporter.java:81)
at com.framework.utils.Reporter.reportStep(Reporter.java:108)
at com.framework.selenium.api.base.SeleniumBase.takeSnap(SeleniumBase.java:910)
at com.framework.utils.Reporter.reportStep(Reporter.java:81)
at com.framework.utils.Reporter.reportStep(Reporter.java:108)
at com.framework.selenium.api.base.SeleniumBase.takeSnap(SeleniumBase.java:910)
at com.framework.utils.Reporter.reportStep(Reporter.java:81)
at com.framework.utils.Reporter.reportStep(Reporter.java:108)
at com.framework.selenium.api.base.SeleniumBase.takeSnap(SeleniumBase.java:910)
at com.framework.utils.Reporter.reportStep(Reporter.java:81)
at com.framework.utils.Reporter.reportStep(Reporter.java:108)
at com.framework.selenium.api.base.SeleniumBase.takeSnap(SeleniumBase.java:910)
at com.framework.utils.Reporter.reportStep(Reporter.java:81)
at com.framework.utils.Reporter.reportStep(Reporter.java:108)
at com.framework.selenium.api.base.SeleniumBase.takeSnap(SeleniumBase.java:910)
at com.framework.utils.Reporter.reportStep(Reporter.java:81)
at com.framework.utils.Reporter.reportStep(Reporter.java:108)
at com.framework.selenium.api.base.SeleniumBase.takeSnap(SeleniumBase.java:910)
at com.framework.utils.Reporter.reportStep(Reporter.java:81)
at com.framework.utils.Reporter.reportStep(Reporter.java:108)
at com.framework.selenium.api.base.SeleniumBase.takeSnap(SeleniumBase.java:910)
at com.framework.utils.Reporter.reportStep(Reporter.java:81)
at com.framework.utils.Reporter.reportStep(Reporter.java:108)
at com.framework.selenium.api.base.SeleniumBase.takeSnap(SeleniumBase.java:910)
at com.framework.utils.Reporter.reportStep(Reporter.java:81)
at com.framework.utils.Reporter.reportStep(Reporter.java:108)
at com.framework.selenium.api.base.SeleniumBase.takeSnap(SeleniumBase.java:910)
at com.framework.utils.Reporter.reportStep(Reporter.java:81)
at com.framework.utils.Reporter.reportStep(Reporter.java:108)
at com.framework.selenium.api.base.SeleniumBase.takeSnap(SeleniumBase.java:910)
at com.framework.utils.Reporter.reportStep(Reporter.java:81)
at com.framework.utils.Reporter.reportStep(Reporter.java:108)
at com.framework.selenium.api.base.SeleniumBase.takeSnap(SeleniumBase.java:910)
at com.framework.utils.Reporter.reportStep(Reporter.java:81)
at com.framework.utils.Reporter.reportStep(Reporter.java:108)
at com.framework.selenium.api.base.SeleniumBase.takeSnap(SeleniumBase.java:910)
at com.framework.utils.Reporter.reportStep(Reporter.java:81)
at com.framework.utils.Reporter.reportStep(Reporter.java:108)
at com.framework.selenium.api.base.SeleniumBase.takeSnap(SeleniumBase.java:910)
at com.framework.utils.Reporter.reportStep(Reporter.java:81)
at com.framework.utils.Reporter.reportStep(Reporter.java:108)
at com.framework.selenium.api.base.SeleniumBase.takeSnap(SeleniumBase.java:910)
at com.framework.utils.Reporter.reportStep(Reporter.java:81)
at com.framework.utils.Reporter.reportStep(Reporter.java:108)
at com.framework.selenium.api.base.SeleniumBase.takeSnap(SeleniumBase.java:910)
]]>
            </full-stacktrace>
          </exception> <!-- java.lang.StackOverflowError -->
          <reporter-output>
          </reporter-output>
        </test-method> <!-- runLogin -->
        <test-method is-config="true" signature="postCondition()[pri:0, instance:com.salesforce.testcases.TC001_VerifyLogin@536f2a7e]" started-at="2024-10-10T19:46:54 IST" name="postCondition" finished-at="1970-01-01T05:30:00 IST" duration-ms="-1728569814301" status="SKIP">
          <reporter-output>
          </reporter-output>
        </test-method> <!-- postCondition -->
        <test-method is-config="true" signature="tearDownClass()[pri:0, instance:com.salesforce.testcases.TC001_VerifyLogin@536f2a7e]" started-at="2024-10-10T19:46:54 IST" name="tearDownClass" finished-at="2024-10-10T19:46:54 IST" duration-ms="3" status="PASS">
          <reporter-output>
          </reporter-output>
        </test-method> <!-- tearDownClass -->
        <test-method is-config="true" signature="endResult()[pri:0, instance:com.salesforce.testcases.TC001_VerifyLogin@536f2a7e]" started-at="2024-10-10T19:46:54 IST" name="endResult" finished-at="2024-10-10T19:46:54 IST" duration-ms="211" status="PASS">
          <reporter-output>
          </reporter-output>
        </test-method> <!-- endResult -->
      </class> <!-- com.salesforce.testcases.TC001_VerifyLogin -->
    </test> <!-- Chrome -->
  </suite> <!-- Suite -->
</testng-results>
