<?xml version="1.0" encoding="UTF-8"?>
<testng-results ignored="0" total="1" passed="1" failed="0" skipped="0">
  <reporter-output>
  </reporter-output>
  <suite started-at="2025-01-05T01:46:23 IST" name="Default suite" finished-at="2025-01-05T01:46:32 IST" duration-ms="9148">
    <groups>
      <group name="cucumber">
        <method signature="AbstractTestNGCucumberTests.runScenario(io.cucumber.testng.PickleWrapper,io.cucumber.testng.FeatureWrapper)[pri:0, instance:runner.VerifyTestCase_TC001@368247b9]" name="runScenario" class="io.cucumber.testng.AbstractTestNGCucumberTests"/>
      </group> <!-- cucumber -->
    </groups>
    <test started-at="2025-01-05T01:46:23 IST" name="Default test" finished-at="2025-01-05T01:46:32 IST" duration-ms="9148">
      <class name="runner.VerifyTestCase_TC001">
        <test-method is-config="true" signature="setUpClass(org.testng.ITestContext)[pri:0, instance:runner.VerifyTestCase_TC001@368247b9]" started-at="2025-01-05T01:46:23 IST" name="setUpClass" finished-at="2025-01-05T01:46:23 IST" duration-ms="190" status="PASS">
          <params>
            <param index="0">
              <value>
                <![CDATA[org.testng.TestRunner@543e593]]>
              </value>
            </param>
          </params>
          <reporter-output>
          </reporter-output>
        </test-method> <!-- setUpClass -->
        <test-method is-config="true" signature="beforemethod()[pri:0, instance:runner.VerifyTestCase_TC001@368247b9]" started-at="2025-01-05T01:46:23 IST" name="beforemethod" finished-at="2025-01-05T01:46:30 IST" duration-ms="6223" status="PASS">
          <reporter-output>
          </reporter-output>
        </test-method> <!-- beforemethod -->
        <test-method signature="runScenario(io.cucumber.testng.PickleWrapper,io.cucumber.testng.FeatureWrapper)[pri:0, instance:runner.VerifyTestCase_TC001@368247b9]" started-at="2025-01-05T01:46:30 IST" name="runScenario" description="Runs Cucumber Scenarios" data-provider="scenarios" finished-at="2025-01-05T01:46:32 IST" duration-ms="2499" status="PASS">
          <params>
            <param index="0">
              <value>
                <![CDATA["verify the test case page"]]>
              </value>
            </param>
            <param index="1">
              <value>
                <![CDATA["Test cases for automation exercise page"]]>
              </value>
            </param>
          </params>
          <reporter-output>
          </reporter-output>
        </test-method> <!-- runScenario -->
        <test-method is-config="true" signature="teardown()[pri:0, instance:runner.VerifyTestCase_TC001@368247b9]" started-at="2025-01-05T01:46:32 IST" name="teardown" finished-at="2025-01-05T01:46:32 IST" duration-ms="181" status="PASS">
          <reporter-output>
          </reporter-output>
        </test-method> <!-- teardown -->
        <test-method is-config="true" signature="tearDownClass()[pri:0, instance:runner.VerifyTestCase_TC001@368247b9]" started-at="2025-01-05T01:46:32 IST" name="tearDownClass" finished-at="2025-01-05T01:46:32 IST" duration-ms="10" status="PASS">
          <reporter-output>
          </reporter-output>
        </test-method> <!-- tearDownClass -->
      </class> <!-- runner.VerifyTestCase_TC001 -->
    </test> <!-- Default test -->
  </suite> <!-- Default suite -->
</testng-results>
